2024-08-16 14:24:30,244 [INFO] Activator:176 - 


2024-08-16 14:24:30,245 [INFO] Activator:177 - !SESSION log4j initialized
2024-08-16 14:24:33,249 [INFO] LogOutputStream:77 - [STDOUT_REDIRECT] 
2024-08-16 14:24:34,240 [INFO] ApplicationProperties:184 - Using Application install path: /home/pratham/st/stm32cubeide_1.15.0/plugins/com.st.stm32cube.common.mx_6.11.0.202403141607
2024-08-16 14:24:34,255 [INFO] DbMcusXml:78 - Set database path to: /home/pratham/st/stm32cubeide_1.15.0/plugins/com.st.stm32cube.common.mx_6.11.0.202403141607//db//mcu/
2024-08-16 14:24:34,256 [INFO] ApiDb:274 - Set plugin database path to: /home/pratham/st/stm32cubeide_1.15.0/plugins/com.st.stm32cube.common.mx_6.11.0.202403141607//db//plugins/boardmanager/
2024-08-16 14:24:34,256 [WARN] ApiDb:259 - Overriding images path with different value:  => /home/pratham/st/stm32cubeide_1.15.0/plugins/com.st.stm32cube.common.mx_6.11.0.202403141607//db//plugins/mcufinder/images/
2024-08-16 14:24:34,264 [INFO] ApiDb:250 - Set database path to: /home/pratham/.stmcufinder/plugins/mcufinder//mcu/
2024-08-16 14:24:34,265 [INFO] DbMcusAds:125 - Set database path to: /home/pratham/.stmcufinder/plugins/mcufinder//mcu/
2024-08-16 14:24:34,267 [INFO] CrossReferenceDbSqlite:203 - Set database path to: /home/pratham/.stmcufinder/plugins/mcufinder//mcu/cs/
2024-08-16 14:24:34,350 [INFO] RulesReader:64 - Compatibility file has been processed (297 Rules)
2024-08-16 14:24:34,398 [INFO] DbMcusXml:78 - Set database path to: /home/pratham/st/stm32cubeide_1.15.0/plugins/com.st.stm32cube.common.mx_6.11.0.202403141607//db//mcu/
2024-08-16 14:24:34,398 [INFO] ApiDb:274 - Set plugin database path to: /home/pratham/st/stm32cubeide_1.15.0/plugins/com.st.stm32cube.common.mx_6.11.0.202403141607//db//plugins/boardmanager/
2024-08-16 14:24:34,399 [INFO] ApiDb:261 - Set plugin images path to: /home/pratham/st/stm32cubeide_1.15.0/plugins/com.st.stm32cube.common.mx_6.11.0.202403141607//db//plugins/mcufinder/images/
2024-08-16 14:24:34,399 [WARN] DbFile:41 - Overriding database path with different value: /home/pratham/.stmcufinder/plugins/mcufinder/ => /home/pratham/.stmcufinder/plugins/mcufinder
2024-08-16 14:24:34,399 [INFO] ApiDb:250 - Set database path to: /home/pratham/.stmcufinder/plugins/mcufinder//mcu/
2024-08-16 14:24:34,399 [WARN] DbFile:41 - Overriding database path with different value: /home/pratham/.stmcufinder/plugins/mcufinder/ => /home/pratham/.stmcufinder/plugins/mcufinder
2024-08-16 14:24:34,399 [INFO] DbMcusAds:125 - Set database path to: /home/pratham/.stmcufinder/plugins/mcufinder//mcu/
2024-08-16 14:24:34,399 [WARN] DbFile:41 - Overriding database path with different value: /home/pratham/.stmcufinder/plugins/mcufinder/ => /home/pratham/.stmcufinder/plugins/mcufinder
2024-08-16 14:24:34,399 [WARN] DbFile:41 - Overriding database path with different value: /home/pratham/.stmcufinder/plugins/mcufinder/ => /home/pratham/.stmcufinder/plugins/mcufinder
2024-08-16 14:24:34,399 [INFO] CrossReferenceDbSqlite:203 - Set database path to: /home/pratham/.stmcufinder/plugins/mcufinder//mcu/cs/
2024-08-16 14:24:34,448 [INFO] MainPanel:264 - HeapMemory: 268435456
2024-08-16 14:24:34,512 [INFO] DbMcusXml:78 - Set database path to: /home/pratham/st/stm32cubeide_1.15.0/plugins/com.st.stm32cube.common.mx_6.11.0.202403141607//db//mcu/
2024-08-16 14:24:34,512 [INFO] ApiDb:274 - Set plugin database path to: /home/pratham/st/stm32cubeide_1.15.0/plugins/com.st.stm32cube.common.mx_6.11.0.202403141607//db//plugins/boardmanager/
2024-08-16 14:24:34,512 [INFO] ApiDb:261 - Set plugin images path to: /home/pratham/st/stm32cubeide_1.15.0/plugins/com.st.stm32cube.common.mx_6.11.0.202403141607//db//plugins/mcufinder/images/
2024-08-16 14:24:34,513 [WARN] DbFile:41 - Overriding database path with different value: /home/pratham/.stmcufinder/plugins/mcufinder/ => /home/pratham/.stmcufinder/plugins/mcufinder
2024-08-16 14:24:34,513 [INFO] ApiDb:250 - Set database path to: /home/pratham/.stmcufinder/plugins/mcufinder//mcu/
2024-08-16 14:24:34,513 [WARN] DbFile:41 - Overriding database path with different value: /home/pratham/.stmcufinder/plugins/mcufinder/ => /home/pratham/.stmcufinder/plugins/mcufinder
2024-08-16 14:24:34,513 [INFO] DbMcusAds:125 - Set database path to: /home/pratham/.stmcufinder/plugins/mcufinder//mcu/
2024-08-16 14:24:34,513 [WARN] DbFile:41 - Overriding database path with different value: /home/pratham/.stmcufinder/plugins/mcufinder/ => /home/pratham/.stmcufinder/plugins/mcufinder
2024-08-16 14:24:34,513 [WARN] DbFile:41 - Overriding database path with different value: /home/pratham/.stmcufinder/plugins/mcufinder/ => /home/pratham/.stmcufinder/plugins/mcufinder
2024-08-16 14:24:34,513 [INFO] CrossReferenceDbSqlite:203 - Set database path to: /home/pratham/.stmcufinder/plugins/mcufinder//mcu/cs/
2024-08-16 14:24:34,524 [INFO] ApplicationProperties:184 - Using Application install path: /home/pratham/st/stm32cubeide_1.15.0/plugins/com.st.stm32cube.common.mx_6.11.0.202403141607
2024-08-16 14:24:34,526 [INFO] PluginManage:196 - Search for loadable plugins [exclusion list=, ]
2024-08-16 14:24:34,526 [INFO] PluginManage:310 - Check plugin analytics
2024-08-16 14:24:34,625 [INFO] AnalyticsPlugin:253 - Accepted Software Licenses: 
2024-08-16 14:24:34,625 [INFO] AnalyticsPlugin:255 - Accepted CMSIS Pack Licenses: 
2024-08-16 14:24:34,625 [INFO] AnalyticsPlugin:257 - Accepted Firmware Licenses: FW.F4.1.28.0
2024-08-16 14:24:34,628 [INFO] PluginManage:359 - Loaded plugin analytics (category:tool,tabindex:-1)
2024-08-16 14:24:34,628 [INFO] PluginManage:310 - Check plugin cadmodel
2024-08-16 14:24:34,653 [INFO] CADModel:105 - Init CAD model plugin
2024-08-16 14:24:34,653 [INFO] PluginManage:359 - Loaded plugin cadmodel (category:power,tabindex:5)
2024-08-16 14:24:34,653 [INFO] PluginManage:310 - Check plugin clock
2024-08-16 14:24:34,662 [INFO] PluginManage:359 - Loaded plugin clock (category:base,tabindex:2)
2024-08-16 14:24:34,663 [INFO] PluginManage:310 - Check plugin ddr
2024-08-16 14:24:34,664 [INFO] PluginManage:359 - Loaded plugin ddr (category:tool,tabindex:6)
2024-08-16 14:24:34,664 [INFO] PluginManage:310 - Check plugin filemanager
2024-08-16 14:24:34,809 [INFO] PluginManage:359 - Loaded plugin filemanager (category:base,tabindex:10)
2024-08-16 14:24:34,810 [INFO] PluginManage:310 - Check plugin ipmanager
2024-08-16 14:24:34,814 [INFO] PluginManage:359 - Loaded plugin ipmanager (category:base,tabindex:5)
2024-08-16 14:24:34,815 [INFO] PluginManage:310 - Check plugin lpbam
2024-08-16 14:24:34,824 [INFO] PluginManage:359 - Loaded plugin lpbam (category:base,tabindex:0)
2024-08-16 14:24:34,824 [INFO] PluginManage:310 - Check plugin memorymap
2024-08-16 14:24:34,835 [INFO] PluginManage:359 - Loaded plugin memorymap (category:base,tabindex:4)
2024-08-16 14:24:34,835 [INFO] PluginManage:310 - Check plugin pinoutandconfiguration
2024-08-16 14:24:34,842 [INFO] PluginManage:359 - Loaded plugin pinoutandconfiguration (category:base,tabindex:1)
2024-08-16 14:24:34,842 [INFO] PluginManage:310 - Check plugin pinoutconfig
2024-08-16 14:24:34,892 [WARN] SupportedApi:132 - Cannot load RTOS API schema: s4s-elt-must-match.1: The content of 'definitions' must match (annotation?, (simpleType | complexType)?, (unique | key | keyref)*)). A problem was found starting at: attribute.
2024-08-16 14:24:34,972 [INFO] PluginManage:359 - Loaded plugin pinoutconfig (category:base,tabindex:0)
2024-08-16 14:24:34,972 [INFO] PluginManage:310 - Check plugin power
2024-08-16 14:24:34,981 [INFO] PluginManage:359 - Loaded plugin power (category:power,tabindex:4)
2024-08-16 14:24:34,981 [INFO] PluginManage:310 - Check plugin projectmanager
2024-08-16 14:24:34,992 [INFO] PluginManage:359 - Loaded plugin projectmanager (category:projectmanager,tabindex:3)
2024-08-16 14:24:34,992 [INFO] PluginManage:310 - Check plugin thirdparty
2024-08-16 14:24:35,076 [INFO] PluginManage:359 - Loaded plugin thirdparty (category:base,tabindex:-1)
2024-08-16 14:24:35,076 [INFO] PluginManage:310 - Check plugin tools
2024-08-16 14:24:35,076 [WARN] IntegrityCheckThread:84 - waiting for thirdparty lock release [integrity check]
2024-08-16 14:24:35,076 [INFO] IntegrityCheckThread:86 - entering critical section [integrity check]
2024-08-16 14:24:35,077 [INFO] ThirdPartyUpdaterWithRetryManager:70 - Updater plugin not ready yet. [1/15]
2024-08-16 14:24:35,078 [INFO] PluginManage:359 - Loaded plugin tools (category:base,tabindex:7)
2024-08-16 14:24:35,078 [INFO] PluginManage:310 - Check plugin tutovideos
2024-08-16 14:24:35,179 [INFO] PluginManage:359 - Loaded plugin tutovideos (category:base,tabindex:-1)
2024-08-16 14:24:35,180 [INFO] PluginManage:310 - Check plugin updater
2024-08-16 14:24:35,187 [INFO] PluginManage:359 - Loaded plugin updater (category:base,tabindex:12)
2024-08-16 14:24:35,187 [INFO] PluginManage:310 - Check plugin userauth
2024-08-16 14:24:35,190 [INFO] UserAuth:114 - Init User Auth plugin
2024-08-16 14:24:35,191 [INFO] PluginManage:359 - Loaded plugin userauth (category:base,tabindex:14)
2024-08-16 14:24:35,191 [INFO] PluginManage:283 - PluginManage : Loaded plugins [17]
2024-08-16 14:24:35,338 [INFO] PinOutPanel:1561 - setPackage(No Configuration,No Configuration)
2024-08-16 14:24:35,381 [INFO] CADModel:165 - CPN selected for project level
2024-08-16 14:24:35,381 [INFO] CADModel:114 - Register for checkConnection events
2024-08-16 14:24:35,389 [INFO] IPUIPlugin:80 - create IPUIPlugin
2024-08-16 14:24:35,389 [INFO] PluginManager:220 - loadIPPluginJar : add tim
2024-08-16 14:24:35,392 [INFO] IPUIPlugin:80 - create IPUIPlugin
2024-08-16 14:24:35,392 [INFO] PluginManager:220 - loadIPPluginJar : add can
2024-08-16 14:24:35,393 [INFO] IPUIPlugin:80 - create IPUIPlugin
2024-08-16 14:24:35,393 [INFO] PluginManager:220 - loadIPPluginJar : add fatfs
2024-08-16 14:24:35,394 [INFO] IPUIPlugin:80 - create IPUIPlugin
2024-08-16 14:24:35,395 [INFO] PluginManager:220 - loadIPPluginJar : add dma3
2024-08-16 14:24:35,399 [INFO] IPUIPlugin:80 - create IPUIPlugin
2024-08-16 14:24:35,399 [INFO] PluginManager:220 - loadIPPluginJar : add fmc
2024-08-16 14:24:35,401 [INFO] IPUIPlugin:80 - create IPUIPlugin
2024-08-16 14:24:35,401 [INFO] PluginManager:220 - loadIPPluginJar : add sai
2024-08-16 14:24:35,404 [INFO] IPUIPlugin:80 - create IPUIPlugin
2024-08-16 14:24:35,404 [INFO] PluginManager:220 - loadIPPluginJar : add gic
2024-08-16 14:24:35,407 [INFO] IPUIPlugin:80 - create IPUIPlugin
2024-08-16 14:24:35,407 [INFO] PluginManager:220 - loadIPPluginJar : add resmgrutility
2024-08-16 14:24:35,411 [INFO] IPUIPlugin:80 - create IPUIPlugin
2024-08-16 14:24:35,411 [INFO] PluginManager:220 - loadIPPluginJar : add adc
2024-08-16 14:24:35,413 [INFO] IPUIPlugin:80 - create IPUIPlugin
2024-08-16 14:24:35,413 [INFO] PluginManager:220 - loadIPPluginJar : add gtzc
2024-08-16 14:24:35,414 [INFO] IPUIPlugin:80 - create IPUIPlugin
2024-08-16 14:24:35,414 [INFO] PluginManager:220 - loadIPPluginJar : add i3c
2024-08-16 14:24:35,415 [INFO] IPUIPlugin:80 - create IPUIPlugin
2024-08-16 14:24:35,415 [INFO] PluginManager:220 - loadIPPluginJar : add genericplugin
2024-08-16 14:24:35,417 [INFO] IPUIPlugin:80 - create IPUIPlugin
2024-08-16 14:24:35,417 [INFO] PluginManager:220 - loadIPPluginJar : add opamp
2024-08-16 14:24:35,418 [INFO] IPUIPlugin:80 - create IPUIPlugin
2024-08-16 14:24:35,418 [INFO] PluginManager:220 - loadIPPluginJar : add i2c
2024-08-16 14:24:35,420 [INFO] IPUIPlugin:80 - create IPUIPlugin
2024-08-16 14:24:35,420 [INFO] PluginManager:220 - loadIPPluginJar : add ipddr
2024-08-16 14:24:35,424 [INFO] IPUIPlugin:80 - create IPUIPlugin
2024-08-16 14:24:35,424 [INFO] PluginManager:220 - loadIPPluginJar : add stm32_wpan
2024-08-16 14:24:35,428 [INFO] IPUIPlugin:80 - create IPUIPlugin
2024-08-16 14:24:35,428 [INFO] PluginManager:220 - loadIPPluginJar : add freertos
2024-08-16 14:24:35,429 [INFO] IPUIPlugin:80 - create IPUIPlugin
2024-08-16 14:24:35,429 [INFO] PluginManager:220 - loadIPPluginJar : add usbx
2024-08-16 14:24:35,433 [INFO] IPUIPlugin:80 - create IPUIPlugin
2024-08-16 14:24:35,433 [INFO] PluginManager:220 - loadIPPluginJar : add dma
2024-08-16 14:24:35,434 [INFO] IPUIPlugin:80 - create IPUIPlugin
2024-08-16 14:24:35,434 [INFO] PluginManager:220 - loadIPPluginJar : add comp
2024-08-16 14:24:35,436 [INFO] IPUIPlugin:80 - create IPUIPlugin
2024-08-16 14:24:35,436 [INFO] PluginManager:220 - loadIPPluginJar : add tracer_emb
2024-08-16 14:24:35,441 [INFO] IPUIPlugin:80 - create IPUIPlugin
2024-08-16 14:24:35,441 [INFO] PluginManager:220 - loadIPPluginJar : add linkedlist
2024-08-16 14:24:35,443 [INFO] IPUIPlugin:80 - create IPUIPlugin
2024-08-16 14:24:35,443 [INFO] PluginManager:220 - loadIPPluginJar : add touchsensing
2024-08-16 14:24:35,445 [INFO] IPUIPlugin:80 - create IPUIPlugin
2024-08-16 14:24:35,445 [INFO] PluginManager:220 - loadIPPluginJar : add pdm2pcm
2024-08-16 14:24:35,446 [INFO] IPUIPlugin:80 - create IPUIPlugin
2024-08-16 14:24:35,446 [INFO] PluginManager:220 - loadIPPluginJar : add usart
2024-08-16 14:24:35,448 [INFO] IPUIPlugin:80 - create IPUIPlugin
2024-08-16 14:24:35,448 [INFO] PluginManager:220 - loadIPPluginJar : add hash
2024-08-16 14:24:35,449 [INFO] IPUIPlugin:80 - create IPUIPlugin
2024-08-16 14:24:35,449 [INFO] PluginManager:220 - loadIPPluginJar : add cryp
2024-08-16 14:24:35,450 [INFO] IPUIPlugin:80 - create IPUIPlugin
2024-08-16 14:24:35,450 [INFO] PluginManager:220 - loadIPPluginJar : add quadspi
2024-08-16 14:24:35,451 [INFO] IPUIPlugin:80 - create IPUIPlugin
2024-08-16 14:24:35,451 [INFO] PluginManager:220 - loadIPPluginJar : add tsc
2024-08-16 14:24:35,452 [INFO] IPUIPlugin:80 - create IPUIPlugin
2024-08-16 14:24:35,452 [INFO] PluginManager:220 - loadIPPluginJar : add ltdc
2024-08-16 14:24:35,453 [INFO] IPUIPlugin:80 - create IPUIPlugin
2024-08-16 14:24:35,453 [INFO] PluginManager:220 - loadIPPluginJar : add aes
2024-08-16 14:24:35,457 [INFO] IPUIPlugin:80 - create IPUIPlugin
2024-08-16 14:24:35,459 [INFO] PluginManager:220 - loadIPPluginJar : add plateformsettings
2024-08-16 14:24:35,461 [INFO] IPUIPlugin:80 - create IPUIPlugin
2024-08-16 14:24:35,461 [INFO] PluginManager:220 - loadIPPluginJar : add openamp
2024-08-16 14:24:35,464 [INFO] IPUIPlugin:80 - create IPUIPlugin
2024-08-16 14:24:35,464 [INFO] PluginManager:220 - loadIPPluginJar : add gpio
2024-08-16 14:24:35,465 [INFO] IPUIPlugin:80 - create IPUIPlugin
2024-08-16 14:24:35,465 [INFO] PluginManager:220 - loadIPPluginJar : add dfsdm
2024-08-16 14:24:35,467 [INFO] IPUIPlugin:80 - create IPUIPlugin
2024-08-16 14:24:35,467 [INFO] PluginManager:220 - loadIPPluginJar : add nvic
2024-08-16 14:24:35,468 [INFO] IPUIPlugin:80 - create IPUIPlugin
2024-08-16 14:24:35,469 [INFO] PluginManager:220 - loadIPPluginJar : add lorawan
2024-08-16 14:24:35,470 [INFO] IPUIPlugin:80 - create IPUIPlugin
2024-08-16 14:24:35,470 [INFO] PluginManager:220 - loadIPPluginJar : add gfxmmu
2024-08-16 14:24:35,471 [INFO] IPUIPlugin:80 - create IPUIPlugin
2024-08-16 14:24:35,471 [INFO] PluginManager:220 - loadIPPluginJar : add ts
2024-08-16 14:24:35,475 [INFO] IPUIPlugin:80 - create IPUIPlugin
2024-08-16 14:24:35,475 [INFO] PluginManager:220 - loadIPPluginJar : add mdma
2024-08-16 14:24:35,476 [INFO] IPUIPlugin:80 - create IPUIPlugin
2024-08-16 14:24:35,476 [INFO] PluginManager:220 - loadIPPluginJar : add i2s
2024-08-16 14:24:35,477 [INFO] IPUIPlugin:80 - create IPUIPlugin
2024-08-16 14:24:35,477 [INFO] PluginManager:220 - loadIPPluginJar : add extmemmanager
2024-08-16 14:24:35,478 [INFO] IPUIPlugin:80 - create IPUIPlugin
2024-08-16 14:24:35,478 [INFO] PluginManager:220 - loadIPPluginJar : add ucpd
2024-08-16 14:24:35,479 [INFO] IPUIPlugin:80 - create IPUIPlugin
2024-08-16 14:24:35,479 [INFO] PluginManager:220 - loadIPPluginJar : add spi
2024-08-16 14:24:35,571 [INFO] CADModel:165 - CPN selected for project level
2024-08-16 14:24:35,572 [INFO] CADModel:114 - Register for checkConnection events
2024-08-16 14:24:35,572 [FATAL] Updater:308 - Updater called before beeing initialized
2024-08-16 14:24:35,572 [ERROR] CADModel:125 - Updater not yet initialized, retry later 
2024-08-16 14:24:35,672 [INFO] CADModel:165 - CPN selected for project level
2024-08-16 14:24:35,673 [INFO] CADModel:114 - Register for checkConnection events
2024-08-16 14:24:35,673 [FATAL] Updater:308 - Updater called before beeing initialized
2024-08-16 14:24:35,673 [ERROR] CADModel:125 - Updater not yet initialized, retry later 
2024-08-16 14:24:35,675 [FATAL] Updater:308 - Updater called before beeing initialized
2024-08-16 14:24:35,735 [FATAL] Updater:308 - Updater called before beeing initialized
2024-08-16 14:24:35,738 [INFO] DbMcusAds:53 - JSON generation date=Thu May 16 14:52:00 IST 2024 (1715851320667)
2024-08-16 14:24:35,738 [FATAL] Updater:308 - Updater called before beeing initialized
2024-08-16 14:24:35,759 [WARN] DetailPanel:346 - Failed to get advertising image, set to default
2024-08-16 14:24:35,821 [FATAL] Updater:308 - Updater called before beeing initialized
2024-08-16 14:24:35,822 [FATAL] Updater:308 - Updater called before beeing initialized
2024-08-16 14:24:35,823 [FATAL] Updater:308 - Updater called before beeing initialized
2024-08-16 14:24:35,823 [WARN] DetailPanel:346 - Failed to get advertising image, set to default
2024-08-16 14:24:35,823 [FATAL] Updater:308 - Updater called before beeing initialized
2024-08-16 14:24:35,842 [ERROR] Updater:1120 - MainUpdater not yet initialized. External WinMGr cannot be set.
2024-08-16 14:24:35,844 [INFO] Updater:1056 - Updater Version found : 6.11.0
2024-08-16 14:24:35,859 [INFO] ApplicationProperties:184 - Using Application install path: /home/pratham/st/stm32cubeide_1.15.0/plugins/com.st.stm32cube.common.mx_6.11.0.202403141607
2024-08-16 14:24:36,141 [INFO] MainUpdater:2873 - connection check result : 10
2024-08-16 14:24:36,141 [INFO] MainUpdater:3567 - Updater definition file requires update
2024-08-16 14:24:36,142 [INFO] MainUpdater:290 - Updater Check For Update Now.
2024-08-16 14:24:36,142 [INFO] MicroXplorer:498 - Change Database Version : DB.6.0.110
2024-08-16 14:24:36,147 [INFO] McuFinderGlobals:63 - Set McuFinder mode to 2 (CubeIDE integrated)
2024-08-16 14:24:36,152 [INFO] UserAuth:415 - Internet connection configuration mode: 1
2024-08-16 14:24:36,164 [INFO] JxBrowserEngine:152 - Initiate JxBrowser Engine with user profile folder
2024-08-16 14:24:36,183 [INFO] ServerAccessManage:473 - Download File updaters.zip
2024-08-16 14:24:36,284 [INFO] FileExtend:240 - Unzip File : updaters.zip
2024-08-16 14:24:36,284 [INFO] FileExtend:255 - Standard Zip Deflate
2024-08-16 14:24:36,473 [INFO] ServerAccessManage:473 - Download File PacksControlFlags.xml
2024-08-16 14:24:36,538 [INFO] ServerAccessManage:473 - Download File cubemx.pidx
2024-08-16 14:24:37,137 [INFO] WebApp:161 - Instantiating new browser for Auth
2024-08-16 14:24:37,188 [INFO] ServerAccessManage:473 - Download File STMicroelectronics.X-CUBE-AZRTOS-H7.pdsc
2024-08-16 14:24:37,633 [INFO] WebApp:779 - Register for checkConnection events
2024-08-16 14:24:37,633 [INFO] WebApp:414 - Apply proxy settings
2024-08-16 14:24:37,634 [INFO] WebApp:499 - Chromium requires no authentication
2024-08-16 14:24:37,638 [INFO] WebApp:442 - Direct internet connection detected
2024-08-16 14:24:37,738 [INFO] WebApp:192 - Starting web application
2024-08-16 14:24:37,738 [INFO] WebApp:544 - Web application path used /home/pratham/st/stm32cubeide_1.15.0/plugins/com.st.stm32cube.common.mx_6.11.0.202403141607/db/plugins/mcufinder/reactClient1/index.html
2024-08-16 14:24:38,018 [WARN] PackLoader:240 - Cannot read IP mode file for STMicroelectronics.X-CUBE-AZRTOS-H7.3.3.0
2024-08-16 14:24:38,024 [INFO] PopulateThirdPartyThread:66 - Ending populate Thread
2024-08-16 14:24:38,025 [INFO] ThirdParty:1030 - CMSIS Pack Vendor :STMicroelectronics X-CUBE-AZRTOS-H7 3.3.0
2024-08-16 14:24:38,025 [INFO] LoadServerUpdatesThread:375 - End of LoadServerUpdate Thread
2024-08-16 14:24:38,077 [WARN] MainUpdater:1194 - Updater busy. Cannot search thirdparties
2024-08-16 14:24:38,077 [INFO] ThirdPartyUpdaterWithRetryManager:96 - Updater plugin is busy. [1/15]
2024-08-16 14:24:38,112 [INFO] CheckServerUpdateThread:120 - End of CheckServer Thread
2024-08-16 14:24:41,156 [WARN] PackLoader:240 - Cannot read IP mode file for STMicroelectronics.FP-SNS-MOTENVWB1.1.4.0
2024-08-16 14:24:41,161 [WARN] PackLoader:240 - Cannot read IP mode file for STMicroelectronics.X-CUBE-SMBUS.2.1.0
2024-08-16 14:24:41,164 [WARN] PackLoader:240 - Cannot read IP mode file for STMicroelectronics.X-CUBE-TOUCHGFX.4.23.1
2024-08-16 14:24:41,166 [WARN] PackLoader:240 - Cannot read IP mode file for STMicroelectronics.X-CUBE-TOUCHGFX.4.23.0
2024-08-16 14:24:41,168 [WARN] PackLoader:240 - Cannot read IP mode file for STMicroelectronics.X-CUBE-TOUCHGFX.4.23.2
2024-08-16 14:24:41,188 [WARN] PackLoader:240 - Cannot read IP mode file for STMicroelectronics.X-CUBE-AZRTOS-F7.1.1.0
2024-08-16 14:24:41,195 [WARN] PackLoader:240 - Cannot read IP mode file for STMicroelectronics.FP-SNS-MOTENV1.4.3.2
2024-08-16 14:24:41,200 [WARN] PackLoader:240 - Cannot read IP mode file for STMicroelectronics.FP-SNS-FLIGHT1.5.0.2
2024-08-16 14:24:41,206 [WARN] PackLoader:240 - Cannot read IP mode file for STMicroelectronics.X-CUBE-DISPLAY.3.0.0
2024-08-16 14:24:41,218 [WARN] PackLoader:240 - Cannot read IP mode file for STMicroelectronics.X-CUBE-BLE1.7.0.0
2024-08-16 14:24:41,224 [WARN] PackLoader:240 - Cannot read IP mode file for emotas.I-CUBE-CANOPEN.1.3.0
2024-08-16 14:24:41,235 [WARN] PackLoader:240 - Cannot read IP mode file for STMicroelectronics.X-CUBE-BLEMGR.3.1.0
2024-08-16 14:24:41,241 [WARN] PackLoader:240 - Cannot read IP mode file for STMicroelectronics.FP-SNS-SMARTAG2.1.2.0
2024-08-16 14:24:41,249 [INFO] LogOutputStream:77 - [STDOUT_REDIRECT] 1 : Invalid condition id : UX_CORESTACK_Condition cause : null
2024-08-16 14:24:41,249 [INFO] LogOutputStream:77 - [STDOUT_REDIRECT] 1 : Invalid condition id : UX_CORESTACK_Condition cause : null
2024-08-16 14:24:41,249 [INFO] LogOutputStream:77 - [STDOUT_REDIRECT] 1 : Invalid condition id : UX_CORESTACK_Condition cause : null
2024-08-16 14:24:41,249 [INFO] LogOutputStream:77 - [STDOUT_REDIRECT] 1 : Invalid condition id : UX_CORESTACK_Condition cause : null
2024-08-16 14:24:41,250 [INFO] LogOutputStream:77 - [STDOUT_REDIRECT] 1 : Invalid condition id : UX_CORESTACK_Condition cause : null
2024-08-16 14:24:41,252 [WARN] PackLoader:240 - Cannot read IP mode file for STMicroelectronics.X-CUBE-AZRTOS-WL.2.0.0
2024-08-16 14:24:41,257 [WARN] PackLoader:240 - Cannot read IP mode file for STMicroelectronics.FP-SNS-MOTENV1.5.0.0
2024-08-16 14:24:41,261 [WARN] PackLoader:240 - Cannot read IP mode file for wolfSSL.I-CUBE-wolfMQTT.1.19.0
2024-08-16 14:24:41,265 [WARN] PackLoader:240 - Cannot read IP mode file for WES.I-CUBE-Cesium.1.3.0
2024-08-16 14:24:41,268 [WARN] PackLoader:240 - Cannot read IP mode file for STMicroelectronics.X-CUBE-BLE2.3.3.0
2024-08-16 14:24:41,273 [WARN] PackLoader:240 - Cannot read IP mode file for STMicroelectronics.X-CUBE-TCPP.4.1.0
2024-08-16 14:24:41,279 [WARN] PackLoader:240 - Cannot read IP mode file for STMicroelectronics.X-CUBE-ALGOBUILD.1.3.0
2024-08-16 14:24:41,291 [WARN] PackLoader:240 - Cannot read IP mode file for STMicroelectronics.X-CUBE-AZRTOS-G0.1.1.0
2024-08-16 14:24:41,297 [WARN] PackLoader:240 - Cannot read IP mode file for STMicroelectronics.X-CUBE-SAFEA1.1.2.2
2024-08-16 14:24:41,300 [WARN] PackLoader:240 - Cannot read IP mode file for STMicroelectronics.X-CUBE-NFC4.3.0.0
2024-08-16 14:24:41,303 [WARN] PackLoader:240 - Cannot read IP mode file for wolfSSL.I-CUBE-wolfMQTT.1.18.0
2024-08-16 14:24:41,308 [WARN] PackLoader:240 - Cannot read IP mode file for EmbeddedOffice.I-CUBE-FS-RTOS.1.0.1
2024-08-16 14:24:41,308 [ERROR] ConditionMgr:805 - Attr not supported : Dmpu
2024-08-16 14:24:41,308 [ERROR] ConditionMgr:805 - Attr not supported : Dmpu
2024-08-16 14:24:41,308 [ERROR] ConditionMgr:805 - Attr not supported : Dmpu
2024-08-16 14:24:41,308 [ERROR] ConditionMgr:805 - Attr not supported : Dmpu
2024-08-16 14:24:41,308 [ERROR] ConditionMgr:805 - Attr not supported : Dmpu
2024-08-16 14:24:41,308 [ERROR] ConditionMgr:805 - Attr not supported : Dmpu
2024-08-16 14:24:41,308 [ERROR] ConditionMgr:805 - Attr not supported : Dmpu
2024-08-16 14:24:41,308 [ERROR] ConditionMgr:805 - Attr not supported : Dmpu
2024-08-16 14:24:41,308 [ERROR] ConditionMgr:805 - Attr not supported : Dmpu
2024-08-16 14:24:41,308 [ERROR] ConditionMgr:805 - Attr not supported : Dmpu
2024-08-16 14:24:41,308 [ERROR] ConditionMgr:805 - Attr not supported : Dmpu
2024-08-16 14:24:41,308 [ERROR] ConditionMgr:805 - Attr not supported : Dmpu
2024-08-16 14:24:41,308 [ERROR] ConditionMgr:805 - Attr not supported : Dmpu
2024-08-16 14:24:41,308 [ERROR] ConditionMgr:805 - Attr not supported : Dmpu
2024-08-16 14:24:41,308 [ERROR] ConditionMgr:805 - Attr not supported : Dmpu
2024-08-16 14:24:41,309 [ERROR] ConditionMgr:805 - Attr not supported : Dmpu
2024-08-16 14:24:41,309 [ERROR] ConditionMgr:805 - Attr not supported : Dmpu
2024-08-16 14:24:41,309 [ERROR] ConditionMgr:805 - Attr not supported : Dmpu
2024-08-16 14:24:41,309 [ERROR] ConditionMgr:805 - Attr not supported : Dmpu
2024-08-16 14:24:41,309 [ERROR] ConditionMgr:805 - Attr not supported : Dmpu
2024-08-16 14:24:41,309 [ERROR] ConditionMgr:805 - Attr not supported : Dmpu
2024-08-16 14:24:41,309 [ERROR] ConditionMgr:805 - Attr not supported : Dmpu
2024-08-16 14:24:41,309 [ERROR] ConditionMgr:805 - Attr not supported : Dmpu
2024-08-16 14:24:41,309 [ERROR] ConditionMgr:805 - Attr not supported : Dmpu
2024-08-16 14:24:41,309 [ERROR] ConditionMgr:805 - Attr not supported : Dmpu
2024-08-16 14:24:41,309 [ERROR] ConditionMgr:805 - Attr not supported : Dmpu
2024-08-16 14:24:41,309 [ERROR] ConditionMgr:805 - Attr not supported : Dmpu
2024-08-16 14:24:41,309 [ERROR] ConditionMgr:805 - Attr not supported : Dmpu
2024-08-16 14:24:41,309 [ERROR] ConditionMgr:805 - Attr not supported : Dmpu
2024-08-16 14:24:41,309 [ERROR] ConditionMgr:805 - Attr not supported : Dmpu
2024-08-16 14:24:41,309 [ERROR] ConditionMgr:805 - Attr not supported : Dmpu
2024-08-16 14:24:41,309 [ERROR] ConditionMgr:805 - Attr not supported : Dmpu
2024-08-16 14:24:41,309 [ERROR] ConditionMgr:805 - Attr not supported : Dmpu
2024-08-16 14:24:41,309 [ERROR] ConditionMgr:805 - Attr not supported : Dmpu
2024-08-16 14:24:41,309 [ERROR] ConditionMgr:805 - Attr not supported : Dmpu
2024-08-16 14:24:41,309 [ERROR] ConditionMgr:805 - Attr not supported : Dmpu
2024-08-16 14:24:41,309 [ERROR] ConditionMgr:805 - Attr not supported : Dmpu
2024-08-16 14:24:41,309 [ERROR] ConditionMgr:805 - Attr not supported : Dmpu
2024-08-16 14:24:41,309 [ERROR] ConditionMgr:805 - Attr not supported : Dmpu
2024-08-16 14:24:41,309 [ERROR] ConditionMgr:805 - Attr not supported : Dmpu
2024-08-16 14:24:41,309 [ERROR] ConditionMgr:805 - Attr not supported : Dmpu
2024-08-16 14:24:41,309 [ERROR] ConditionMgr:805 - Attr not supported : Dmpu
2024-08-16 14:24:41,309 [ERROR] ConditionMgr:805 - Attr not supported : Dmpu
2024-08-16 14:24:41,309 [ERROR] ConditionMgr:805 - Attr not supported : Dmpu
2024-08-16 14:24:41,309 [ERROR] ConditionMgr:805 - Attr not supported : Dmpu
2024-08-16 14:24:41,309 [ERROR] ConditionMgr:805 - Attr not supported : Dmpu
2024-08-16 14:24:41,309 [ERROR] ConditionMgr:805 - Attr not supported : Dmpu
2024-08-16 14:24:41,310 [ERROR] ConditionMgr:805 - Attr not supported : Dmpu
2024-08-16 14:24:41,310 [ERROR] ConditionMgr:805 - Attr not supported : Dmpu
2024-08-16 14:24:41,310 [ERROR] ConditionMgr:805 - Attr not supported : Dmpu
2024-08-16 14:24:41,310 [ERROR] ConditionMgr:805 - Attr not supported : Dmpu
2024-08-16 14:24:41,310 [ERROR] ConditionMgr:805 - Attr not supported : Dmpu
2024-08-16 14:24:41,310 [ERROR] ConditionMgr:805 - Attr not supported : Dmpu
2024-08-16 14:24:41,310 [ERROR] ConditionMgr:805 - Attr not supported : Dmpu
2024-08-16 14:24:41,310 [ERROR] ConditionMgr:805 - Attr not supported : Dmpu
2024-08-16 14:24:41,310 [ERROR] ConditionMgr:805 - Attr not supported : Dmpu
2024-08-16 14:24:41,310 [ERROR] ConditionMgr:805 - Attr not supported : Dmpu
2024-08-16 14:24:41,310 [ERROR] ConditionMgr:805 - Attr not supported : Dmpu
2024-08-16 14:24:41,310 [ERROR] ConditionMgr:805 - Attr not supported : Dmpu
2024-08-16 14:24:41,310 [ERROR] ConditionMgr:805 - Attr not supported : Dmpu
2024-08-16 14:24:41,310 [ERROR] ConditionMgr:805 - Attr not supported : Dmpu
2024-08-16 14:24:41,310 [ERROR] ConditionMgr:805 - Attr not supported : Dmpu
2024-08-16 14:24:41,310 [ERROR] ConditionMgr:805 - Attr not supported : Dmpu
2024-08-16 14:24:41,310 [ERROR] ConditionMgr:805 - Attr not supported : Dmpu
2024-08-16 14:24:41,313 [WARN] PackLoader:240 - Cannot read IP mode file for RealThread.X-CUBE-RT-Thread_Nano.4.1.1
2024-08-16 14:24:41,316 [WARN] PackLoader:240 - Cannot read IP mode file for STMicroelectronics.FP-ATR-SIGFOX1.3.2.0
2024-08-16 14:24:41,320 [WARN] PackLoader:240 - Cannot read IP mode file for STMicroelectronics.X-CUBE-EEPRMA1.5.1.0
2024-08-16 14:24:41,325 [WARN] PackLoader:240 - Cannot read IP mode file for ITTIA_DB.I-CUBE-ITTIADB.8.9.0
2024-08-16 14:24:41,346 [WARN] PackLoader:240 - Cannot read IP mode file for SEGGER.I-CUBE-embOS.1.3.1
2024-08-16 14:24:41,384 [WARN] PackLoader:240 - Cannot read IP mode file for STMicroelectronics.X-CUBE-ALGOBUILD.1.4.0
2024-08-16 14:24:41,388 [WARN] PackLoader:240 - Cannot read IP mode file for STMicroelectronics.X-CUBE-GNSS1.6.0.0
2024-08-16 14:24:41,397 [WARN] PackLoader:240 - Cannot read IP mode file for STMicroelectronics.X-CUBE-AZRTOS-F4.1.1.0
2024-08-16 14:24:41,402 [WARN] PackLoader:240 - Cannot read IP mode file for STMicroelectronics.X-CUBE-FREERTOS.1.2.0
2024-08-16 14:24:41,405 [WARN] PackLoader:240 - Cannot read IP mode file for wolfSSL.I-CUBE-wolfSSL.5.6.6
2024-08-16 14:24:41,414 [WARN] PackLoader:240 - Cannot read IP mode file for STMicroelectronics.X-CUBE-AZRTOS-L5.2.0.0
2024-08-16 14:24:41,421 [WARN] PackLoader:240 - Cannot read IP mode file for STMicroelectronics.X-CUBE-NFC6.3.1.0
2024-08-16 14:24:41,428 [WARN] PackLoader:240 - Cannot read IP mode file for STMicroelectronics.X-CUBE-DPower.1.2.0
2024-08-16 14:24:41,432 [WARN] PackLoader:240 - Cannot read IP mode file for STMicroelectronics.X-CUBE-AI.9.0.0
2024-08-16 14:24:41,437 [WARN] PackLoader:240 - Cannot read IP mode file for STMicroelectronics.X-CUBE-NFC7.1.0.1
2024-08-16 14:24:41,441 [WARN] PackLoader:240 - Cannot read IP mode file for wolfSSL.I-CUBE-wolfTPM.3.2.0
2024-08-16 14:24:41,444 [WARN] PackLoader:240 - Cannot read IP mode file for STMicroelectronics.X-CUBE-AI.8.1.0
2024-08-16 14:24:41,459 [WARN] ConditionMgr:438 - getConditionDescription Invalid condition id : LAN8742 Phy interface Condition cause : null
2024-08-16 14:24:41,459 [WARN] PackLoader:240 - Cannot read IP mode file for STMicroelectronics.X-CUBE-AZRTOS-L4.2.0.0
2024-08-16 14:24:41,461 [WARN] ConditionMgr:1039 - genDependencies : Invalid condition id : LAN8742 Phy interface Condition cause : null
2024-08-16 14:24:41,461 [WARN] ConditionMgr:1039 - genDependencies : Invalid condition id : LAN8742 Phy interface Condition cause : null
2024-08-16 14:24:41,462 [WARN] ConditionMgr:1039 - genDependencies : Invalid condition id : LAN8742 Phy interface Condition cause : null
2024-08-16 14:24:41,469 [WARN] PackLoader:240 - Cannot read IP mode file for STMicroelectronics.X-CUBE-SFXS2LP1.4.0.0
2024-08-16 14:24:41,486 [WARN] PackLoader:240 - Cannot read IP mode file for STMicroelectronics.X-CUBE-AZRTOS-H7.3.3.0
2024-08-16 14:24:41,498 [WARN] ConditionMgr:438 - getConditionDescription Invalid condition id : UX DEVICE CLASS RTOS Condition cause : null
2024-08-16 14:24:41,498 [WARN] ConditionMgr:438 - getConditionDescription Invalid condition id : UX DEVICE CLASS RTOS Condition cause : null
2024-08-16 14:24:41,500 [WARN] PackLoader:240 - Cannot read IP mode file for STMicroelectronics.X-CUBE-AZRTOS-WB.2.0.0
2024-08-16 14:24:41,501 [WARN] ConditionMgr:1039 - genDependencies : Invalid condition id : UX DEVICE CLASS RTOS Condition cause : null
2024-08-16 14:24:41,501 [WARN] ConditionMgr:1039 - genDependencies : Invalid condition id : UX DEVICE CLASS RTOS Condition cause : null
2024-08-16 14:24:41,502 [WARN] ConditionMgr:1039 - genDependencies : Invalid condition id : UX DEVICE CLASS RTOS Condition cause : null
2024-08-16 14:24:41,502 [WARN] ConditionMgr:1039 - genDependencies : Invalid condition id : UX DEVICE CLASS RTOS Condition cause : null
2024-08-16 14:24:41,502 [WARN] ConditionMgr:1039 - genDependencies : Invalid condition id : UX DEVICE CLASS RTOS Condition cause : null
2024-08-16 14:24:41,508 [WARN] PackLoader:240 - Cannot read IP mode file for STMicroelectronics.FP-SNS-STBOX1.2.0.0
2024-08-16 14:24:41,519 [WARN] PackLoader:240 - Cannot read IP mode file for STMicroelectronics.X-CUBE-SUBG2.5.0.0
2024-08-16 14:24:41,534 [WARN] PackLoader:240 - Cannot read IP mode file for STMicroelectronics.X-CUBE-AZRTOS-G4.2.0.0
2024-08-16 14:24:41,546 [WARN] PackLoader:240 - Cannot read IP mode file for Infineon.AIROC-Wi-Fi-Bluetooth-STM32.1.5.1
2024-08-16 14:24:41,552 [WARN] PackLoader:240 - Cannot read IP mode file for STMicroelectronics.FP-SNS-MOTENVWB1.1.3.1
2024-08-16 14:24:41,556 [WARN] PackLoader:240 - Cannot read IP mode file for STMicroelectronics.X-CUBE-ISPU.2.0.0
2024-08-16 14:24:41,560 [WARN] PackLoader:240 - Cannot read IP mode file for STMicroelectronics.X-CUBE-ALS.1.0.2
2024-08-16 14:24:41,595 [WARN] PackLoader:240 - Cannot read IP mode file for STMicroelectronics.X-CUBE-MEMS1.10.0.0
2024-08-16 14:24:41,693 [WARN] PackLoader:240 - Cannot read IP mode file for STMicroelectronics.X-CUBE-FREERTOS.1.1.0
2024-08-16 14:24:41,696 [WARN] PackLoader:240 - Cannot read IP mode file for STMicroelectronics.X-CUBE-TOUCHGFX.4.24.0
2024-08-16 14:24:41,701 [WARN] PackLoader:240 - Cannot read IP mode file for portGmbH.I-Cube-SoM-uGOAL.1.1.0
2024-08-16 14:24:41,704 [WARN] PackLoader:240 - Cannot read IP mode file for STMicroelectronics.X-CUBE-ALS.1.0.1
2024-08-16 14:24:41,718 [WARN] PackLoader:240 - Cannot read IP mode file for STMicroelectronics.X-CUBE-AZRTOS-H7RS.1.0.0
2024-08-16 14:24:41,724 [WARN] PackLoader:240 - Cannot read IP mode file for STMicroelectronics.FP-ATR-ASTRA1.2.0.0
2024-08-16 14:24:41,734 [WARN] PackLoader:240 - Cannot read IP mode file for STMicroelectronics.X-CUBE-TOF1.3.4.2
2024-08-16 14:24:41,751 [WARN] PackLoader:240 - Cannot read IP mode file for STMicroelectronics.X-CUBE-TOF1.3.4.1
2024-08-16 14:24:41,766 [WARN] PackLoader:240 - Cannot read IP mode file for STMicroelectronics.X-CUBE-AZRTOS-H7.3.2.0
2024-08-16 14:24:41,770 [WARN] PackLoader:240 - Cannot read IP mode file for wolfSSL.I-CUBE-wolfSSH.1.4.17
2024-08-16 14:24:41,771 [INFO] ThirdParty:978 - Integrity check success = true
2024-08-16 14:24:41,771 [INFO] IntegrityCheckThread:100 - exiting critical section [integrity check]
2024-08-16 14:24:41,771 [INFO] IntegrityCheckThread:103 - End integrity checks thread
2024-08-16 14:24:52,092 [INFO] McuFinderGlobals:63 - Set McuFinder mode to 2 (CubeIDE integrated)
2024-08-16 14:24:52,095 [INFO] MainUpdater:2873 - connection check result : 10
2024-08-16 14:24:52,096 [INFO] McuFinderGlobals:76 - Set McuFinderConnectedMode to true
2024-08-16 14:24:52,527 [INFO] ServerAccessManage:473 - Download File mcusAds.json._tmp_
2024-08-16 14:24:52,634 [INFO] LoadUrlFilesThread:156 - End of LoadUrlFiles Thread
2024-08-16 14:24:54,017 [INFO] ServerAccessManage:473 - Download File cube-finder-db.zip
2024-08-16 14:25:04,670 [INFO] FileExtend:240 - Unzip File : cube-finder-db.zip
2024-08-16 14:25:04,670 [INFO] FileExtend:255 - Standard Zip Deflate
2024-08-16 14:25:05,151 [INFO] LoadUrlFilesThread:156 - End of LoadUrlFiles Thread
2024-08-16 14:25:06,301 [INFO] ServerAccessManage:473 - Download File crdb.zip
2024-08-16 14:25:07,047 [INFO] FileExtend:240 - Unzip File : crdb.zip
2024-08-16 14:25:07,047 [INFO] FileExtend:255 - Standard Zip Deflate
2024-08-16 14:25:07,171 [INFO] LoadUrlFilesThread:156 - End of LoadUrlFiles Thread
2024-08-16 14:25:07,453 [INFO] ServerAccessManage:473 - Download File tutoVideoDB.zip
2024-08-16 14:25:07,478 [INFO] FileExtend:240 - Unzip File : tutoVideoDB.zip
2024-08-16 14:25:07,478 [INFO] FileExtend:255 - Standard Zip Deflate
2024-08-16 14:25:07,583 [INFO] LoadUrlFilesThread:156 - End of LoadUrlFiles Thread
2024-08-16 14:25:07,588 [WARN] DbFile:41 - Overriding database path with different value: /home/pratham/.stmcufinder/plugins/mcufinder/ => /home/pratham/.stmcufinder/plugins/mcufinder
2024-08-16 14:25:07,766 [INFO] ServerAccessManage:473 - Download File api_config.json
2024-08-16 14:25:07,868 [INFO] LoadUrlFilesThread:156 - End of LoadUrlFiles Thread
2024-08-16 14:25:07,868 [INFO] DbMcusAds:53 - JSON generation date=Thu May 16 14:52:00 IST 2024 (1715851320667)
2024-08-16 14:25:07,885 [INFO] LoadUrlFilesThread:185 - End of LoadServerUrlFiles without Thread
2024-08-16 14:25:07,885 [INFO] TargetSelectorAdapter:259 - Refresh data is successful
2024-08-16 14:25:07,967 [INFO] ApiDb:581 - Connected to CubeFinder SQLite database (/home/pratham/.stmcufinder/plugins/mcufinder/mcu/cube-finder-db.db)
2024-08-16 14:25:07,993 [INFO] ApiDb:668 - CubeFinder database Data Model version=2.1
2024-08-16 14:25:07,993 [INFO] ApiDb:669 - CubeFinder database Configuration version=3.0.39
2024-08-16 14:25:07,993 [INFO] ApiDb:670 - CubeFinder database generation date=2024-06-20 (1718880634)
2024-08-16 14:25:07,994 [INFO] ApiDb:671 - CubeFinder database FW Pack versions=[FP-ATR-ASTRA1_V2.0.0, FP-SNS-FLIGHT1_V5.0.2, FP-SNS-MOTENV1_V5.0.0, FP-SNS-MOTENVWB1_V1.4.0, FP-SNS-SMARTAG2_V1.2.0, STM32Cube_FW_C0_V1.2.0, STM32Cube_FW_F4_V1.28.0, STM32Cube_FW_F7_V1.17.2, STM32Cube_FW_G0_V1.6.2, STM32Cube_FW_G4_V1.6.0, STM32Cube_FW_H5_V1.3.0, STM32Cube_FW_H7RS_V1.1.0, STM32Cube_FW_H7_V1.11.2, STM32Cube_FW_L0_V1.12.2, STM32Cube_FW_L5_V1.5.1, STM32Cube_FW_U0_V1.1.0, STM32Cube_FW_U5_V1.6.0, STM32Cube_FW_WB0_V1.0.0, STM32Cube_FW_WBA_V1.4.0, STM32Cube_FW_WB_V1.20.0, STM32Cube_FW_WL_V1.3.0, X-CUBE-ALGOBUILD_V1.4.0, X-CUBE-ALS_V1.0.2, X-CUBE-AZRTOS-F4_V1.1.0, X-CUBE-AZRTOS-F7_V1.1.0, X-CUBE-AZRTOS-G0_V1.1.0, X-CUBE-AZRTOS-G4_V2.0.0, X-CUBE-AZRTOS-H7RS_V1.0.0, X-CUBE-AZRTOS-H7_V3.2.0, X-CUBE-AZRTOS-L4_V2.0.0, X-CUBE-AZRTOS-L5_V1.1.0, X-CUBE-AZRTOS-WB_V2.0.0, X-CUBE-AZRTOS-WL_V2.0.0, X-CUBE-BLE1_V7.0.0, X-CUBE-BLE2_V3.3.0, X-CUBE-BLEMGR_V3.1.0, X-CUBE-EEPRMA1_V5.1.0, X-CUBE-FREERTOS_V1.2.0, X-CUBE-GNSS1_V6.0.0, X-CUBE-MEMS1_V10.0.0, X-CUBE-NFC4_V3.0.0, X-CUBE-NFC7_V1.0.1, X-CUBE-SFXS2LP1_V4.0.0, X-CUBE-SUBG2_V5.0.0, X-CUBE-TOF1_V3.4.1]
2024-08-16 14:25:09,137 [INFO] ApiDb:240 - Found 483 in-development CPN: [B-G473E-ZEST1S, B-WB1M-WPAN1, B-WL5M-SUBG1, NUCLEO-C031C6, NUCLEO-H503RB, NUCLEO-H533RE, NUCLEO-H563ZI, NUCLEO-H7S3L8, NUCLEO-U031R8, NUCLEO-U083RC, NUCLEO-U545RE-Q, NUCLEO-U5A5ZJ-Q, NUCLEO-WBA52CG, NUCLEO-WBA55CG, STEVAL-PROTEUS1, STEVAL-SMARTAG2, STEVAL-STWINBX1, STM320518-EVAL, STM32C0116-DK, STM32C011D6Y3TR, STM32C011D6Y6TR, STM32C011F4P3, STM32C011F4P6, STM32C011F4U3, STM32C011F4U6TR, STM32C011F6P3, STM32C011F6P6, STM32C011F6U3, STM32C011F6U6TR, STM32C011J4M3, STM32C011J4M6, STM32C011J6M3, STM32C011J6M6, STM32C0316-DK, STM32C031C4T3, STM32C031C4T6, STM32C031C4U3, STM32C031C4U6, STM32C031C6T3, STM32C031C6T6, STM32C031C6U3, STM32C031C6U6, STM32C031F4P3, STM32C031F4P6, STM32C031F6P3, STM32C031F6P6, STM32C031G4U3, STM32C031G4U6, STM32C031G6U3, STM32C031G6U6, STM32C031K4T3, STM32C031K4T6, STM32C031K4U3, STM32C031K4U6, STM32C031K6T3, STM32C031K6T6, STM32C031K6U3, STM32C031K6U6, STM32G071K8TXN, STM32G071K8UXN, STM32G081GBU6N, STM32G081KBT6N, STM32G081KBUXN, STM32G0B1CCT6N, STM32G0B1KCT6, STM32G0B1NEY6TR, STM32G0B1RCT6N, STM32G0C1CCT6, STM32G0C1CCT6N, STM32G0C1CCU6N, STM32G0C1CET6N, STM32G0C1CEU6N, STM32G0C1KCT6, STM32G0C1NEY6TR, STM32G0C1RCI6N, STM32G0C1RCT6N, STM32G0C1REI6N, STM32G0C1RET6N, STM32G0C1VCI6, STM32G0C1VEI6, STM32G471CCT6, STM32G471CCU6, STM32G471CET3, STM32G471CET6, STM32G471CEU3, STM32G471CEU6, STM32G471MCT6, STM32G471MET3, STM32G471MET6, STM32G471MEY6TR, STM32G471QCT6, STM32G471QET3, STM32G471RCT6, STM32G471RET3, STM32G471RET6, STM32G471VCH6, STM32G471VCI6, STM32G471VCT6, STM32G471VEH3, STM32G471VEH6, STM32G471VEI3, STM32G471VEI6, STM32G471VET3, STM32G471VET6, STM32G474CCT6, STM32H503CBT6, STM32H503CBU6, STM32H503EBY6TR, STM32H503KBU6, STM32H503RBT6, STM32H523CCT6, STM32H523CCU6, STM32H523CET6, STM32H523CEU6, STM32H523HEY6TR, STM32H523RCT6, STM32H523RET6, STM32H523VCI6, STM32H523VCT6, STM32H523VEI6, STM32H523VET6, STM32H523ZCJ6, STM32H523ZCT6, STM32H523ZEJ6, STM32H523ZET6, STM32H533CET6, STM32H533CEU6, STM32H533HEY6TR, STM32H533RET6, STM32H533VEI6, STM32H533VET6, STM32H533ZEJ6, STM32H533ZET6, STM32H562AGI6, STM32H562AII6, STM32H562IGK6, STM32H562IGT6, STM32H562IIK6, STM32H562IIT6, STM32H562RGT6, STM32H562RGV6, STM32H562RIT6, STM32H562RIV6, STM32H562VGT6, STM32H562VIT6, STM32H562ZGT6, STM32H562ZIT6, STM32H563AGI6, STM32H563AII3Q, STM32H563AII6, STM32H563IGK6, STM32H563IGT6, STM32H563IIK3Q, STM32H563IIK6, STM32H563IIT3Q, STM32H563IIT6, STM32H563MIY3QTR, STM32H563RGT6, STM32H563RGV6, STM32H563RIT6, STM32H563RIV6, STM32H563VGT6, STM32H563VIT3Q, STM32H563VIT6, STM32H563ZGT6, STM32H563ZIT3Q, STM32H563ZIT6, STM32H573AII3Q, STM32H573AII6, STM32H573I-DK, STM32H573IIK3Q, STM32H573IIK6, STM32H573IIT3Q, STM32H573IIT6, STM32H573MIY3QTR, STM32H573RIT6, STM32H573RIV6, STM32H573VIT3Q, STM32H573VIT6, STM32H573ZIT3Q, STM32H573ZIT6, STM32H7R3A8I6, STM32H7R3I8K6, STM32H7R3I8T6, STM32H7R3L8H6, STM32H7R3L8H6H, STM32H7R3R8V6, STM32H7R3V8H6, STM32H7R3V8T6, STM32H7R3V8Y6, STM32H7R3Z8J6, STM32H7R3Z8T6, STM32H7R7A8I6, STM32H7R7I8K6, STM32H7R7I8T6, STM32H7R7L8H6, STM32H7R7L8H6H, STM32H7R7Z8J6, STM32H7S3A8I6, STM32H7S3I8K6, STM32H7S3I8T6, STM32H7S3L8H6, STM32H7S3L8H6H, STM32H7S3R8V6, STM32H7S3V8H6, STM32H7S3V8T6, STM32H7S3V8Y6, STM32H7S3Z8J6, STM32H7S3Z8T6, STM32H7S78-DK, STM32H7S7A8I6, STM32H7S7I8K6, STM32H7S7I8T6, STM32H7S7L8H6, STM32H7S7L8H6H, STM32H7S7Z8J6, STM32L4R5QGI6STR, STM32MP131AAE3, STM32MP131AAF3, STM32MP131AAG3, STM32MP131CAE3, STM32MP131CAF3, STM32MP131CAG3, STM32MP131DAE7, STM32MP131DAF7, STM32MP131DAG7, STM32MP131FAE7, STM32MP131FAF7, STM32MP131FAG7, STM32MP133AAE3, STM32MP133AAF3, STM32MP133AAG3, STM32MP133CAE3, STM32MP133CAF3, STM32MP133CAG3, STM32MP133DAE7, STM32MP133DAF7, STM32MP133DAG7, STM32MP133FAE7, STM32MP133FAF7, STM32MP133FAG7, STM32MP135AAE3, STM32MP135AAF3, STM32MP135AAG3, STM32MP135CAE3, STM32MP135CAF3, STM32MP135CAG3, STM32MP135DAE7, STM32MP135DAF7, STM32MP135DAG7, STM32MP135F-DK, STM32MP135FAE7, STM32MP135FAF7, STM32MP135FAF7T, STM32MP135FAF7U, STM32MP135FAG7, STM32U031C6T6, STM32U031C6U6, STM32U031C8T6, STM32U031C8U6, STM32U031F4P6, STM32U031F6P6, STM32U031F8P6, STM32U031G6Y6TR, STM32U031G8Y6TR, STM32U031K4U6, STM32U031K6U6, STM32U031K8U6, STM32U031R6I6, STM32U031R6T6, STM32U031R8I6, STM32U031R8T6, STM32U073C8T6, STM32U073C8U6, STM32U073CBT6, STM32U073CBU6, STM32U073CCT6, STM32U073CCU6, STM32U073H8Y6TR, STM32U073HBY6TR, STM32U073HCY6TR, STM32U073K8U6, STM32U073KBU6, STM32U073KCU6, STM32U073M8I6, STM32U073M8T6, STM32U073MBI6, STM32U073MBT6, STM32U073MCI6, STM32U073MCT6, STM32U073R8I6, STM32U073R8T6, STM32U073RBI6, STM32U073RBT6, STM32U073RCI6, STM32U073RCT6, STM32U083C-DK, STM32U083CCT6, STM32U083CCU6, STM32U083HCY6TR, STM32U083KCU6, STM32U083MCI6, STM32U083MCT6, STM32U083RCI6, STM32U083RCT6, STM32U535CBT6, STM32U535CBT6Q, STM32U535CBU6, STM32U535CBU6Q, STM32U535CCT6, STM32U535CCT6Q, STM32U535CCU6, STM32U535CCU6Q, STM32U535CET6, STM32U535CET6Q, STM32U535CEU6, STM32U535CEU6Q, STM32U535JEY6QTR, STM32U535NCY6QTR, STM32U535NEY6QTR, STM32U535RBI6, STM32U535RBI6Q, STM32U535RBT6, STM32U535RBT6Q, STM32U535RCI6, STM32U535RCI6Q, STM32U535RCT6, STM32U535RCT6Q, STM32U535REI6, STM32U535REI6Q, STM32U535RET6, STM32U535RET6Q, STM32U535VCI6, STM32U535VCI6Q, STM32U535VCT6, STM32U535VCT6Q, STM32U535VEI6, STM32U535VEI6Q, STM32U535VET6, STM32U535VET6Q, STM32U545CET6, STM32U545CET6Q, STM32U545CEU6, STM32U545CEU6Q, STM32U545JEY6QTR, STM32U545NEY6QTR, STM32U545REI6, STM32U545REI6Q, STM32U545RET6, STM32U545RET6Q, STM32U545VEI6, STM32U545VEI6Q, STM32U545VET6, STM32U545VET6Q, STM32U595AIH6, STM32U595AIH6Q, STM32U595AJH6, STM32U595AJH6Q, STM32U595QII6, STM32U595QII6Q, STM32U595QJI6, STM32U595QJI6Q, STM32U595RIT6, STM32U595RIT6Q, STM32U595RJT6, STM32U595RJT6Q, STM32U595VIT6, STM32U595VIT6Q, STM32U595VJT6, STM32U595VJT6Q, STM32U595ZIT6, STM32U595ZIT6Q, STM32U595ZIY6QTR, STM32U595ZJT6, STM32U595ZJT6Q, STM32U595ZJY6QTR, STM32U599BJY6QTR, STM32U599NIH6Q, STM32U599NJH6Q, STM32U599VIT6Q, STM32U599VJT6, STM32U599VJT6Q, STM32U599ZIT6Q, STM32U599ZIY6QTR, STM32U599ZJT6Q, STM32U599ZJY6QTR, STM32U5A5AJH6, STM32U5A5AJH6Q, STM32U5A5QII3Q , STM32U5A5QJI6, STM32U5A5QJI6Q, STM32U5A5RJT6, STM32U5A5RJT6Q, STM32U5A5VJT6, STM32U5A5VJT6Q, STM32U5A5ZJT6, STM32U5A5ZJT6Q, STM32U5A5ZJY6QTR, STM32U5A9BJY6QTR, STM32U5A9J-DK, STM32U5A9NJH6Q, STM32U5A9VJT6Q, STM32U5A9ZJT6Q, STM32U5A9ZJY6QTR, STM32U5F7VIT6, STM32U5F7VIT6Q, STM32U5F7VJT6, STM32U5F7VJT6Q, STM32U5F9BJY6QTR, STM32U5F9NJH6Q, STM32U5F9VIT6Q, STM32U5F9VJT6Q, STM32U5F9ZIJ6QTR, STM32U5F9ZIT6Q, STM32U5F9ZJJ6QTR, STM32U5F9ZJT6Q, STM32U5G7VJT6, STM32U5G7VJT6Q, STM32U5G9BJY6QTR, STM32U5G9J-DK1, STM32U5G9J-DK2, STM32U5G9NJH6Q, STM32U5G9VJT6Q, STM32U5G9ZJJ6QTR, STM32U5G9ZJT6Q, STM32WB1MMCH6, STM32WBA50KEU6, STM32WBA50KEU6TR, STM32WBA50KGU6, STM32WBA50KGU6TR, STM32WBA52CEU6, STM32WBA52CEU6TR, STM32WBA52CEU7, STM32WBA52CEU7TR, STM32WBA52CGU6, STM32WBA52CGU6TR, STM32WBA52CGU6U, STM32WBA52CGU7, STM32WBA52CGU7TR, STM32WBA52KEU6, STM32WBA52KEU6TR, STM32WBA52KGU6, STM32WBA52KGU6TR, STM32WBA54CEU6, STM32WBA54CEU6TR, STM32WBA54CEU7, STM32WBA54CEU7TR, STM32WBA54CGU6, STM32WBA54CGU6TR, STM32WBA54CGU7, STM32WBA54CGU7TR, STM32WBA54KEU6, STM32WBA54KEU6TR, STM32WBA54KEU7, STM32WBA54KEU7TR, STM32WBA54KGU6, STM32WBA54KGU6TR, STM32WBA54KGU7, STM32WBA54KGU7TR, STM32WBA55CEU6, STM32WBA55CEU6TR, STM32WBA55CEU7, STM32WBA55CEU7TR, STM32WBA55CGU6, STM32WBA55CGU6TR, STM32WBA55CGU6U, STM32WBA55CGU7, STM32WBA55CGU7TR, STM32WBA55G-DK1, STM32WBA55HEF6, STM32WBA55HEF7, STM32WBA55HGF6, STM32WBA55HGF7, STM32WBA55UEI6, STM32WBA55UEI6TR, STM32WBA55UEI7, STM32WBA55UEI7TR, STM32WBA55UGI6, STM32WBA55UGI6TR, STM32WBA55UGI7, STM32WBA55UGI7TR, STM32WL5MOCH6, STM32WL5MOCH6TR]
2024-08-16 14:25:09,140 [INFO] DbMcus:218 - Found 4203 MCUs, 4203 are supported
2024-08-16 14:25:09,140 [INFO] ApiDb:423 - Load user favorites file /home/pratham/.stm32cubeide/favorites.mcus.txt: 0 item(s)
2024-08-16 14:25:09,140 [INFO] ApiDb:427 - User favorites MCUs=[]
2024-08-16 14:25:09,140 [INFO] DbMcus:224 - Set 0 / 0 favorites MCUs
2024-08-16 14:25:09,326 [INFO] ApiDb:668 - CubeFinder database Data Model version=2.1
2024-08-16 14:25:09,326 [INFO] ApiDb:669 - CubeFinder database Configuration version=3.0.39
2024-08-16 14:25:09,326 [INFO] ApiDb:670 - CubeFinder database generation date=2024-06-20 (1718880634)
2024-08-16 14:25:09,326 [INFO] ApiDb:671 - CubeFinder database FW Pack versions=[FP-ATR-ASTRA1_V2.0.0, FP-SNS-FLIGHT1_V5.0.2, FP-SNS-MOTENV1_V5.0.0, FP-SNS-MOTENVWB1_V1.4.0, FP-SNS-SMARTAG2_V1.2.0, STM32Cube_FW_C0_V1.2.0, STM32Cube_FW_F4_V1.28.0, STM32Cube_FW_F7_V1.17.2, STM32Cube_FW_G0_V1.6.2, STM32Cube_FW_G4_V1.6.0, STM32Cube_FW_H5_V1.3.0, STM32Cube_FW_H7RS_V1.1.0, STM32Cube_FW_H7_V1.11.2, STM32Cube_FW_L0_V1.12.2, STM32Cube_FW_L5_V1.5.1, STM32Cube_FW_U0_V1.1.0, STM32Cube_FW_U5_V1.6.0, STM32Cube_FW_WB0_V1.0.0, STM32Cube_FW_WBA_V1.4.0, STM32Cube_FW_WB_V1.20.0, STM32Cube_FW_WL_V1.3.0, X-CUBE-ALGOBUILD_V1.4.0, X-CUBE-ALS_V1.0.2, X-CUBE-AZRTOS-F4_V1.1.0, X-CUBE-AZRTOS-F7_V1.1.0, X-CUBE-AZRTOS-G0_V1.1.0, X-CUBE-AZRTOS-G4_V2.0.0, X-CUBE-AZRTOS-H7RS_V1.0.0, X-CUBE-AZRTOS-H7_V3.2.0, X-CUBE-AZRTOS-L4_V2.0.0, X-CUBE-AZRTOS-L5_V1.1.0, X-CUBE-AZRTOS-WB_V2.0.0, X-CUBE-AZRTOS-WL_V2.0.0, X-CUBE-BLE1_V7.0.0, X-CUBE-BLE2_V3.3.0, X-CUBE-BLEMGR_V3.1.0, X-CUBE-EEPRMA1_V5.1.0, X-CUBE-FREERTOS_V1.2.0, X-CUBE-GNSS1_V6.0.0, X-CUBE-MEMS1_V10.0.0, X-CUBE-NFC4_V3.0.0, X-CUBE-NFC7_V1.0.1, X-CUBE-SFXS2LP1_V4.0.0, X-CUBE-SUBG2_V5.0.0, X-CUBE-TOF1_V3.4.1]
2024-08-16 14:25:09,352 [INFO] DbBoardsSqlite:226 - include board P-NUCLEO-WB55-NUCLEO as a kit item of type 'Nucleo-64'
2024-08-16 14:25:09,352 [INFO] DbBoardsSqlite:226 - include board P-NUCLEO-WB55-USBDONGLE as a kit item of type 'Nucleo USB Dongle'
2024-08-16 14:25:09,352 [INFO] DbBoardsSqlite:226 - include board STEVAL-IDP005V1 as a kit item of type 'Evaluation Board'
2024-08-16 14:25:09,352 [INFO] DbBoardsSqlite:226 - include board STEVAL-IDP005V2 as a kit item of type 'Evaluation Board'
2024-08-16 14:25:09,370 [INFO] ApiDb:240 - Found 483 in-development CPN: [B-G473E-ZEST1S, B-WB1M-WPAN1, B-WL5M-SUBG1, NUCLEO-C031C6, NUCLEO-H503RB, NUCLEO-H533RE, NUCLEO-H563ZI, NUCLEO-H7S3L8, NUCLEO-U031R8, NUCLEO-U083RC, NUCLEO-U545RE-Q, NUCLEO-U5A5ZJ-Q, NUCLEO-WBA52CG, NUCLEO-WBA55CG, STEVAL-PROTEUS1, STEVAL-SMARTAG2, STEVAL-STWINBX1, STM320518-EVAL, STM32C0116-DK, STM32C011D6Y3TR, STM32C011D6Y6TR, STM32C011F4P3, STM32C011F4P6, STM32C011F4U3, STM32C011F4U6TR, STM32C011F6P3, STM32C011F6P6, STM32C011F6U3, STM32C011F6U6TR, STM32C011J4M3, STM32C011J4M6, STM32C011J6M3, STM32C011J6M6, STM32C0316-DK, STM32C031C4T3, STM32C031C4T6, STM32C031C4U3, STM32C031C4U6, STM32C031C6T3, STM32C031C6T6, STM32C031C6U3, STM32C031C6U6, STM32C031F4P3, STM32C031F4P6, STM32C031F6P3, STM32C031F6P6, STM32C031G4U3, STM32C031G4U6, STM32C031G6U3, STM32C031G6U6, STM32C031K4T3, STM32C031K4T6, STM32C031K4U3, STM32C031K4U6, STM32C031K6T3, STM32C031K6T6, STM32C031K6U3, STM32C031K6U6, STM32G071K8TXN, STM32G071K8UXN, STM32G081GBU6N, STM32G081KBT6N, STM32G081KBUXN, STM32G0B1CCT6N, STM32G0B1KCT6, STM32G0B1NEY6TR, STM32G0B1RCT6N, STM32G0C1CCT6, STM32G0C1CCT6N, STM32G0C1CCU6N, STM32G0C1CET6N, STM32G0C1CEU6N, STM32G0C1KCT6, STM32G0C1NEY6TR, STM32G0C1RCI6N, STM32G0C1RCT6N, STM32G0C1REI6N, STM32G0C1RET6N, STM32G0C1VCI6, STM32G0C1VEI6, STM32G471CCT6, STM32G471CCU6, STM32G471CET3, STM32G471CET6, STM32G471CEU3, STM32G471CEU6, STM32G471MCT6, STM32G471MET3, STM32G471MET6, STM32G471MEY6TR, STM32G471QCT6, STM32G471QET3, STM32G471RCT6, STM32G471RET3, STM32G471RET6, STM32G471VCH6, STM32G471VCI6, STM32G471VCT6, STM32G471VEH3, STM32G471VEH6, STM32G471VEI3, STM32G471VEI6, STM32G471VET3, STM32G471VET6, STM32G474CCT6, STM32H503CBT6, STM32H503CBU6, STM32H503EBY6TR, STM32H503KBU6, STM32H503RBT6, STM32H523CCT6, STM32H523CCU6, STM32H523CET6, STM32H523CEU6, STM32H523HEY6TR, STM32H523RCT6, STM32H523RET6, STM32H523VCI6, STM32H523VCT6, STM32H523VEI6, STM32H523VET6, STM32H523ZCJ6, STM32H523ZCT6, STM32H523ZEJ6, STM32H523ZET6, STM32H533CET6, STM32H533CEU6, STM32H533HEY6TR, STM32H533RET6, STM32H533VEI6, STM32H533VET6, STM32H533ZEJ6, STM32H533ZET6, STM32H562AGI6, STM32H562AII6, STM32H562IGK6, STM32H562IGT6, STM32H562IIK6, STM32H562IIT6, STM32H562RGT6, STM32H562RGV6, STM32H562RIT6, STM32H562RIV6, STM32H562VGT6, STM32H562VIT6, STM32H562ZGT6, STM32H562ZIT6, STM32H563AGI6, STM32H563AII3Q, STM32H563AII6, STM32H563IGK6, STM32H563IGT6, STM32H563IIK3Q, STM32H563IIK6, STM32H563IIT3Q, STM32H563IIT6, STM32H563MIY3QTR, STM32H563RGT6, STM32H563RGV6, STM32H563RIT6, STM32H563RIV6, STM32H563VGT6, STM32H563VIT3Q, STM32H563VIT6, STM32H563ZGT6, STM32H563ZIT3Q, STM32H563ZIT6, STM32H573AII3Q, STM32H573AII6, STM32H573I-DK, STM32H573IIK3Q, STM32H573IIK6, STM32H573IIT3Q, STM32H573IIT6, STM32H573MIY3QTR, STM32H573RIT6, STM32H573RIV6, STM32H573VIT3Q, STM32H573VIT6, STM32H573ZIT3Q, STM32H573ZIT6, STM32H7R3A8I6, STM32H7R3I8K6, STM32H7R3I8T6, STM32H7R3L8H6, STM32H7R3L8H6H, STM32H7R3R8V6, STM32H7R3V8H6, STM32H7R3V8T6, STM32H7R3V8Y6, STM32H7R3Z8J6, STM32H7R3Z8T6, STM32H7R7A8I6, STM32H7R7I8K6, STM32H7R7I8T6, STM32H7R7L8H6, STM32H7R7L8H6H, STM32H7R7Z8J6, STM32H7S3A8I6, STM32H7S3I8K6, STM32H7S3I8T6, STM32H7S3L8H6, STM32H7S3L8H6H, STM32H7S3R8V6, STM32H7S3V8H6, STM32H7S3V8T6, STM32H7S3V8Y6, STM32H7S3Z8J6, STM32H7S3Z8T6, STM32H7S78-DK, STM32H7S7A8I6, STM32H7S7I8K6, STM32H7S7I8T6, STM32H7S7L8H6, STM32H7S7L8H6H, STM32H7S7Z8J6, STM32L4R5QGI6STR, STM32MP131AAE3, STM32MP131AAF3, STM32MP131AAG3, STM32MP131CAE3, STM32MP131CAF3, STM32MP131CAG3, STM32MP131DAE7, STM32MP131DAF7, STM32MP131DAG7, STM32MP131FAE7, STM32MP131FAF7, STM32MP131FAG7, STM32MP133AAE3, STM32MP133AAF3, STM32MP133AAG3, STM32MP133CAE3, STM32MP133CAF3, STM32MP133CAG3, STM32MP133DAE7, STM32MP133DAF7, STM32MP133DAG7, STM32MP133FAE7, STM32MP133FAF7, STM32MP133FAG7, STM32MP135AAE3, STM32MP135AAF3, STM32MP135AAG3, STM32MP135CAE3, STM32MP135CAF3, STM32MP135CAG3, STM32MP135DAE7, STM32MP135DAF7, STM32MP135DAG7, STM32MP135F-DK, STM32MP135FAE7, STM32MP135FAF7, STM32MP135FAF7T, STM32MP135FAF7U, STM32MP135FAG7, STM32U031C6T6, STM32U031C6U6, STM32U031C8T6, STM32U031C8U6, STM32U031F4P6, STM32U031F6P6, STM32U031F8P6, STM32U031G6Y6TR, STM32U031G8Y6TR, STM32U031K4U6, STM32U031K6U6, STM32U031K8U6, STM32U031R6I6, STM32U031R6T6, STM32U031R8I6, STM32U031R8T6, STM32U073C8T6, STM32U073C8U6, STM32U073CBT6, STM32U073CBU6, STM32U073CCT6, STM32U073CCU6, STM32U073H8Y6TR, STM32U073HBY6TR, STM32U073HCY6TR, STM32U073K8U6, STM32U073KBU6, STM32U073KCU6, STM32U073M8I6, STM32U073M8T6, STM32U073MBI6, STM32U073MBT6, STM32U073MCI6, STM32U073MCT6, STM32U073R8I6, STM32U073R8T6, STM32U073RBI6, STM32U073RBT6, STM32U073RCI6, STM32U073RCT6, STM32U083C-DK, STM32U083CCT6, STM32U083CCU6, STM32U083HCY6TR, STM32U083KCU6, STM32U083MCI6, STM32U083MCT6, STM32U083RCI6, STM32U083RCT6, STM32U535CBT6, STM32U535CBT6Q, STM32U535CBU6, STM32U535CBU6Q, STM32U535CCT6, STM32U535CCT6Q, STM32U535CCU6, STM32U535CCU6Q, STM32U535CET6, STM32U535CET6Q, STM32U535CEU6, STM32U535CEU6Q, STM32U535JEY6QTR, STM32U535NCY6QTR, STM32U535NEY6QTR, STM32U535RBI6, STM32U535RBI6Q, STM32U535RBT6, STM32U535RBT6Q, STM32U535RCI6, STM32U535RCI6Q, STM32U535RCT6, STM32U535RCT6Q, STM32U535REI6, STM32U535REI6Q, STM32U535RET6, STM32U535RET6Q, STM32U535VCI6, STM32U535VCI6Q, STM32U535VCT6, STM32U535VCT6Q, STM32U535VEI6, STM32U535VEI6Q, STM32U535VET6, STM32U535VET6Q, STM32U545CET6, STM32U545CET6Q, STM32U545CEU6, STM32U545CEU6Q, STM32U545JEY6QTR, STM32U545NEY6QTR, STM32U545REI6, STM32U545REI6Q, STM32U545RET6, STM32U545RET6Q, STM32U545VEI6, STM32U545VEI6Q, STM32U545VET6, STM32U545VET6Q, STM32U595AIH6, STM32U595AIH6Q, STM32U595AJH6, STM32U595AJH6Q, STM32U595QII6, STM32U595QII6Q, STM32U595QJI6, STM32U595QJI6Q, STM32U595RIT6, STM32U595RIT6Q, STM32U595RJT6, STM32U595RJT6Q, STM32U595VIT6, STM32U595VIT6Q, STM32U595VJT6, STM32U595VJT6Q, STM32U595ZIT6, STM32U595ZIT6Q, STM32U595ZIY6QTR, STM32U595ZJT6, STM32U595ZJT6Q, STM32U595ZJY6QTR, STM32U599BJY6QTR, STM32U599NIH6Q, STM32U599NJH6Q, STM32U599VIT6Q, STM32U599VJT6, STM32U599VJT6Q, STM32U599ZIT6Q, STM32U599ZIY6QTR, STM32U599ZJT6Q, STM32U599ZJY6QTR, STM32U5A5AJH6, STM32U5A5AJH6Q, STM32U5A5QII3Q , STM32U5A5QJI6, STM32U5A5QJI6Q, STM32U5A5RJT6, STM32U5A5RJT6Q, STM32U5A5VJT6, STM32U5A5VJT6Q, STM32U5A5ZJT6, STM32U5A5ZJT6Q, STM32U5A5ZJY6QTR, STM32U5A9BJY6QTR, STM32U5A9J-DK, STM32U5A9NJH6Q, STM32U5A9VJT6Q, STM32U5A9ZJT6Q, STM32U5A9ZJY6QTR, STM32U5F7VIT6, STM32U5F7VIT6Q, STM32U5F7VJT6, STM32U5F7VJT6Q, STM32U5F9BJY6QTR, STM32U5F9NJH6Q, STM32U5F9VIT6Q, STM32U5F9VJT6Q, STM32U5F9ZIJ6QTR, STM32U5F9ZIT6Q, STM32U5F9ZJJ6QTR, STM32U5F9ZJT6Q, STM32U5G7VJT6, STM32U5G7VJT6Q, STM32U5G9BJY6QTR, STM32U5G9J-DK1, STM32U5G9J-DK2, STM32U5G9NJH6Q, STM32U5G9VJT6Q, STM32U5G9ZJJ6QTR, STM32U5G9ZJT6Q, STM32WB1MMCH6, STM32WBA50KEU6, STM32WBA50KEU6TR, STM32WBA50KGU6, STM32WBA50KGU6TR, STM32WBA52CEU6, STM32WBA52CEU6TR, STM32WBA52CEU7, STM32WBA52CEU7TR, STM32WBA52CGU6, STM32WBA52CGU6TR, STM32WBA52CGU6U, STM32WBA52CGU7, STM32WBA52CGU7TR, STM32WBA52KEU6, STM32WBA52KEU6TR, STM32WBA52KGU6, STM32WBA52KGU6TR, STM32WBA54CEU6, STM32WBA54CEU6TR, STM32WBA54CEU7, STM32WBA54CEU7TR, STM32WBA54CGU6, STM32WBA54CGU6TR, STM32WBA54CGU7, STM32WBA54CGU7TR, STM32WBA54KEU6, STM32WBA54KEU6TR, STM32WBA54KEU7, STM32WBA54KEU7TR, STM32WBA54KGU6, STM32WBA54KGU6TR, STM32WBA54KGU7, STM32WBA54KGU7TR, STM32WBA55CEU6, STM32WBA55CEU6TR, STM32WBA55CEU7, STM32WBA55CEU7TR, STM32WBA55CGU6, STM32WBA55CGU6TR, STM32WBA55CGU6U, STM32WBA55CGU7, STM32WBA55CGU7TR, STM32WBA55G-DK1, STM32WBA55HEF6, STM32WBA55HEF7, STM32WBA55HGF6, STM32WBA55HGF7, STM32WBA55UEI6, STM32WBA55UEI6TR, STM32WBA55UEI7, STM32WBA55UEI7TR, STM32WBA55UGI6, STM32WBA55UGI6TR, STM32WBA55UGI7, STM32WBA55UGI7TR, STM32WL5MOCH6, STM32WL5MOCH6TR]
2024-08-16 14:25:09,419 [INFO] BoardInfo:889 - No configuration file found for board P-NUCLEO-WB55
2024-08-16 14:25:09,419 [INFO] DbBoards:161 - Kit is not supported: P-NUCLEO-WB55
2024-08-16 14:25:09,421 [INFO] BoardInfo:889 - No configuration file found for board STEVAL-BFA001V1B
2024-08-16 14:25:09,421 [INFO] DbBoards:161 - Kit is not supported: STEVAL-BFA001V1B
2024-08-16 14:25:09,422 [INFO] BoardInfo:889 - No configuration file found for board STEVAL-BFA001V2B
2024-08-16 14:25:09,422 [INFO] DbBoards:161 - Kit is not supported: STEVAL-BFA001V2B
2024-08-16 14:25:09,477 [INFO] DbBoards:168 - Found 195 boards, 192 are supported
2024-08-16 14:25:09,477 [INFO] DbBoards:169 - Found 195 boards, 8 of them is supported for  Bsp
2024-08-16 14:25:09,480 [INFO] ApiDb:423 - Load user favorites file /home/pratham/.stm32cubeide/favorites.boards.txt: 1 item(s)
2024-08-16 14:25:09,480 [INFO] ApiDb:427 - User favorites Boards=[STM32F407G-DISC1]
2024-08-16 14:25:09,481 [INFO] DbBoards:198 - Set 1 / 1 favorites Boards
2024-08-16 14:25:09,483 [INFO] ApiDb:668 - CubeFinder database Data Model version=2.1
2024-08-16 14:25:09,483 [INFO] ApiDb:669 - CubeFinder database Configuration version=3.0.39
2024-08-16 14:25:09,483 [INFO] ApiDb:670 - CubeFinder database generation date=2024-06-20 (1718880634)
2024-08-16 14:25:09,483 [INFO] ApiDb:671 - CubeFinder database FW Pack versions=[FP-ATR-ASTRA1_V2.0.0, FP-SNS-FLIGHT1_V5.0.2, FP-SNS-MOTENV1_V5.0.0, FP-SNS-MOTENVWB1_V1.4.0, FP-SNS-SMARTAG2_V1.2.0, STM32Cube_FW_C0_V1.2.0, STM32Cube_FW_F4_V1.28.0, STM32Cube_FW_F7_V1.17.2, STM32Cube_FW_G0_V1.6.2, STM32Cube_FW_G4_V1.6.0, STM32Cube_FW_H5_V1.3.0, STM32Cube_FW_H7RS_V1.1.0, STM32Cube_FW_H7_V1.11.2, STM32Cube_FW_L0_V1.12.2, STM32Cube_FW_L5_V1.5.1, STM32Cube_FW_U0_V1.1.0, STM32Cube_FW_U5_V1.6.0, STM32Cube_FW_WB0_V1.0.0, STM32Cube_FW_WBA_V1.4.0, STM32Cube_FW_WB_V1.20.0, STM32Cube_FW_WL_V1.3.0, X-CUBE-ALGOBUILD_V1.4.0, X-CUBE-ALS_V1.0.2, X-CUBE-AZRTOS-F4_V1.1.0, X-CUBE-AZRTOS-F7_V1.1.0, X-CUBE-AZRTOS-G0_V1.1.0, X-CUBE-AZRTOS-G4_V2.0.0, X-CUBE-AZRTOS-H7RS_V1.0.0, X-CUBE-AZRTOS-H7_V3.2.0, X-CUBE-AZRTOS-L4_V2.0.0, X-CUBE-AZRTOS-L5_V1.1.0, X-CUBE-AZRTOS-WB_V2.0.0, X-CUBE-AZRTOS-WL_V2.0.0, X-CUBE-BLE1_V7.0.0, X-CUBE-BLE2_V3.3.0, X-CUBE-BLEMGR_V3.1.0, X-CUBE-EEPRMA1_V5.1.0, X-CUBE-FREERTOS_V1.2.0, X-CUBE-GNSS1_V6.0.0, X-CUBE-MEMS1_V10.0.0, X-CUBE-NFC4_V3.0.0, X-CUBE-NFC7_V1.0.1, X-CUBE-SFXS2LP1_V4.0.0, X-CUBE-SUBG2_V5.0.0, X-CUBE-TOF1_V3.4.1]
2024-08-16 14:25:09,853 [ERROR] DbExamplesSqlite:437 - Missing JSON key: board_cpn
2024-08-16 14:25:09,853 [ERROR] DbExamplesSqlite:437 - Missing JSON key: board_cpn
2024-08-16 14:25:09,853 [ERROR] DbExamplesSqlite:437 - Missing JSON key: board_cpn
2024-08-16 14:25:09,853 [ERROR] DbExamplesSqlite:437 - Missing JSON key: board_cpn
2024-08-16 14:25:09,933 [INFO] DbExamplesSqlite:395 - Ignored 28 examples not supported by CubeIDE
2024-08-16 14:25:09,933 [INFO] DbExamplesSqlite:396 - Found 8590 examples active
2024-08-16 14:25:09,933 [INFO] DbExamplesSqlite:397 - Found 0 examples obsolete
2024-08-16 14:25:09,933 [INFO] DbExamplesSqlite:398 - Found 0 examples under development
2024-08-16 14:25:09,933 [INFO] DbExamplesSqlite:399 - Found 10 examples not building
2024-08-16 14:25:09,935 [INFO] DbExamples:125 - Found 8572 examples
2024-08-16 14:25:09,997 [ERROR] DbExamples:208 - Found 308 examples with invalid data (board or MCU)
2024-08-16 14:25:09,997 [INFO] DbExamples:222 - Found 102 boards with related examples
2024-08-16 14:25:09,998 [INFO] DbExamples:235 - Found 86 MCUs with related examples
2024-08-16 14:25:10,019 [INFO] ApiDb:414 - User favorites file not found: /home/pratham/.stm32cubeide/favorites.examples.txt
2024-08-16 14:25:10,019 [INFO] DbExamples:250 - Set 0 / 0 favorites Examples
2024-08-16 14:25:10,132 [INFO] McuFinderGlobals:76 - Set McuFinderConnectedMode to true
2024-08-16 14:25:10,138 [INFO] MultiScanPanel:200 - Auto-refresh data requested => check proxy status ongoing
2024-08-16 14:25:10,140 [INFO] FinderPluginLoader:95 - Searching for filters in installed packs
2024-08-16 14:25:11,141 [INFO] LoadUrlFilesThread:185 - End of LoadServerUrlFiles without Thread
2024-08-16 14:25:11,151 [INFO] DetailPanel:341 - Set advertising image to /home/pratham/STM32Cube/Repository//en.prom-stm32h7rs-mcu-finder.jpg
2024-08-16 14:25:15,265 [INFO] McuFinderGlobals:76 - Set McuFinderConnectedMode to true
2024-08-16 14:25:15,788 [INFO] ApiDb:448 - Save user favorites file /home/pratham/.stm32cubeide/favorites.mcus.txt: 0 item(s)
2024-08-16 14:25:15,788 [INFO] ApiDb:452 - User favorites MCUs=[]
2024-08-16 14:26:43,286 [ERROR] LogOutputStream:75 - [STDERR_REDIRECT] 
2024-08-16 14:27:03,954 [INFO] Activator:176 - 


2024-08-16 14:27:03,955 [INFO] Activator:177 - !SESSION log4j initialized
2024-08-16 14:27:05,507 [INFO] LogOutputStream:77 - [STDOUT_REDIRECT] 
2024-08-16 14:27:06,419 [INFO] ApplicationProperties:184 - Using Application install path: /home/pratham/st/stm32cubeide_1.15.0/plugins/com.st.stm32cube.common.mx_6.11.0.202403141607
2024-08-16 14:27:06,429 [INFO] DbMcusXml:78 - Set database path to: /home/pratham/st/stm32cubeide_1.15.0/plugins/com.st.stm32cube.common.mx_6.11.0.202403141607//db//mcu/
2024-08-16 14:27:06,429 [INFO] ApiDb:274 - Set plugin database path to: /home/pratham/st/stm32cubeide_1.15.0/plugins/com.st.stm32cube.common.mx_6.11.0.202403141607//db//plugins/boardmanager/
2024-08-16 14:27:06,429 [WARN] ApiDb:259 - Overriding images path with different value:  => /home/pratham/st/stm32cubeide_1.15.0/plugins/com.st.stm32cube.common.mx_6.11.0.202403141607//db//plugins/mcufinder/images/
2024-08-16 14:27:06,432 [INFO] ApiDb:250 - Set database path to: /home/pratham/.stmcufinder/plugins/mcufinder//mcu/
2024-08-16 14:27:06,432 [INFO] DbMcusAds:125 - Set database path to: /home/pratham/.stmcufinder/plugins/mcufinder//mcu/
2024-08-16 14:27:06,433 [INFO] CrossReferenceDbSqlite:203 - Set database path to: /home/pratham/.stmcufinder/plugins/mcufinder//mcu/cs/
2024-08-16 14:27:06,492 [INFO] RulesReader:64 - Compatibility file has been processed (297 Rules)
2024-08-16 14:27:06,526 [INFO] DbMcusXml:78 - Set database path to: /home/pratham/st/stm32cubeide_1.15.0/plugins/com.st.stm32cube.common.mx_6.11.0.202403141607//db//mcu/
2024-08-16 14:27:06,526 [INFO] ApiDb:274 - Set plugin database path to: /home/pratham/st/stm32cubeide_1.15.0/plugins/com.st.stm32cube.common.mx_6.11.0.202403141607//db//plugins/boardmanager/
2024-08-16 14:27:06,527 [INFO] ApiDb:261 - Set plugin images path to: /home/pratham/st/stm32cubeide_1.15.0/plugins/com.st.stm32cube.common.mx_6.11.0.202403141607//db//plugins/mcufinder/images/
2024-08-16 14:27:06,527 [WARN] DbFile:41 - Overriding database path with different value: /home/pratham/.stmcufinder/plugins/mcufinder/ => /home/pratham/.stmcufinder/plugins/mcufinder
2024-08-16 14:27:06,527 [INFO] ApiDb:250 - Set database path to: /home/pratham/.stmcufinder/plugins/mcufinder//mcu/
2024-08-16 14:27:06,527 [WARN] DbFile:41 - Overriding database path with different value: /home/pratham/.stmcufinder/plugins/mcufinder/ => /home/pratham/.stmcufinder/plugins/mcufinder
2024-08-16 14:27:06,527 [INFO] DbMcusAds:125 - Set database path to: /home/pratham/.stmcufinder/plugins/mcufinder//mcu/
2024-08-16 14:27:06,527 [WARN] DbFile:41 - Overriding database path with different value: /home/pratham/.stmcufinder/plugins/mcufinder/ => /home/pratham/.stmcufinder/plugins/mcufinder
2024-08-16 14:27:06,527 [WARN] DbFile:41 - Overriding database path with different value: /home/pratham/.stmcufinder/plugins/mcufinder/ => /home/pratham/.stmcufinder/plugins/mcufinder
2024-08-16 14:27:06,527 [INFO] CrossReferenceDbSqlite:203 - Set database path to: /home/pratham/.stmcufinder/plugins/mcufinder//mcu/cs/
2024-08-16 14:27:06,562 [INFO] MainPanel:264 - HeapMemory: 268435456
2024-08-16 14:27:06,600 [INFO] DbMcusXml:78 - Set database path to: /home/pratham/st/stm32cubeide_1.15.0/plugins/com.st.stm32cube.common.mx_6.11.0.202403141607//db//mcu/
2024-08-16 14:27:06,600 [INFO] ApiDb:274 - Set plugin database path to: /home/pratham/st/stm32cubeide_1.15.0/plugins/com.st.stm32cube.common.mx_6.11.0.202403141607//db//plugins/boardmanager/
2024-08-16 14:27:06,600 [INFO] ApiDb:261 - Set plugin images path to: /home/pratham/st/stm32cubeide_1.15.0/plugins/com.st.stm32cube.common.mx_6.11.0.202403141607//db//plugins/mcufinder/images/
2024-08-16 14:27:06,600 [WARN] DbFile:41 - Overriding database path with different value: /home/pratham/.stmcufinder/plugins/mcufinder/ => /home/pratham/.stmcufinder/plugins/mcufinder
2024-08-16 14:27:06,600 [INFO] ApiDb:250 - Set database path to: /home/pratham/.stmcufinder/plugins/mcufinder//mcu/
2024-08-16 14:27:06,600 [WARN] DbFile:41 - Overriding database path with different value: /home/pratham/.stmcufinder/plugins/mcufinder/ => /home/pratham/.stmcufinder/plugins/mcufinder
2024-08-16 14:27:06,600 [INFO] DbMcusAds:125 - Set database path to: /home/pratham/.stmcufinder/plugins/mcufinder//mcu/
2024-08-16 14:27:06,600 [WARN] DbFile:41 - Overriding database path with different value: /home/pratham/.stmcufinder/plugins/mcufinder/ => /home/pratham/.stmcufinder/plugins/mcufinder
2024-08-16 14:27:06,601 [WARN] DbFile:41 - Overriding database path with different value: /home/pratham/.stmcufinder/plugins/mcufinder/ => /home/pratham/.stmcufinder/plugins/mcufinder
2024-08-16 14:27:06,601 [INFO] CrossReferenceDbSqlite:203 - Set database path to: /home/pratham/.stmcufinder/plugins/mcufinder//mcu/cs/
2024-08-16 14:27:06,608 [INFO] ApplicationProperties:184 - Using Application install path: /home/pratham/st/stm32cubeide_1.15.0/plugins/com.st.stm32cube.common.mx_6.11.0.202403141607
2024-08-16 14:27:06,609 [INFO] PluginManage:196 - Search for loadable plugins [exclusion list=, ]
2024-08-16 14:27:06,610 [INFO] PluginManage:310 - Check plugin analytics
2024-08-16 14:27:06,716 [INFO] AnalyticsPlugin:253 - Accepted Software Licenses: 
2024-08-16 14:27:06,716 [INFO] AnalyticsPlugin:255 - Accepted CMSIS Pack Licenses: 
2024-08-16 14:27:06,716 [INFO] AnalyticsPlugin:257 - Accepted Firmware Licenses: FW.F4.1.28.0
2024-08-16 14:27:06,718 [INFO] PluginManage:359 - Loaded plugin analytics (category:tool,tabindex:-1)
2024-08-16 14:27:06,718 [INFO] PluginManage:310 - Check plugin cadmodel
2024-08-16 14:27:06,730 [INFO] CADModel:105 - Init CAD model plugin
2024-08-16 14:27:06,730 [INFO] PluginManage:359 - Loaded plugin cadmodel (category:power,tabindex:5)
2024-08-16 14:27:06,731 [INFO] PluginManage:310 - Check plugin clock
2024-08-16 14:27:06,736 [INFO] PluginManage:359 - Loaded plugin clock (category:base,tabindex:2)
2024-08-16 14:27:06,736 [INFO] PluginManage:310 - Check plugin ddr
2024-08-16 14:27:06,737 [INFO] PluginManage:359 - Loaded plugin ddr (category:tool,tabindex:6)
2024-08-16 14:27:06,737 [INFO] PluginManage:310 - Check plugin filemanager
2024-08-16 14:27:06,825 [INFO] PluginManage:359 - Loaded plugin filemanager (category:base,tabindex:10)
2024-08-16 14:27:06,826 [INFO] PluginManage:310 - Check plugin ipmanager
2024-08-16 14:27:06,828 [INFO] PluginManage:359 - Loaded plugin ipmanager (category:base,tabindex:5)
2024-08-16 14:27:06,829 [INFO] PluginManage:310 - Check plugin lpbam
2024-08-16 14:27:06,833 [INFO] PluginManage:359 - Loaded plugin lpbam (category:base,tabindex:0)
2024-08-16 14:27:06,833 [INFO] PluginManage:310 - Check plugin memorymap
2024-08-16 14:27:06,839 [INFO] PluginManage:359 - Loaded plugin memorymap (category:base,tabindex:4)
2024-08-16 14:27:06,839 [INFO] PluginManage:310 - Check plugin pinoutandconfiguration
2024-08-16 14:27:06,842 [INFO] PluginManage:359 - Loaded plugin pinoutandconfiguration (category:base,tabindex:1)
2024-08-16 14:27:06,842 [INFO] PluginManage:310 - Check plugin pinoutconfig
2024-08-16 14:27:06,887 [WARN] SupportedApi:132 - Cannot load RTOS API schema: s4s-elt-must-match.1: The content of 'definitions' must match (annotation?, (simpleType | complexType)?, (unique | key | keyref)*)). A problem was found starting at: attribute.
2024-08-16 14:27:06,970 [INFO] PluginManage:359 - Loaded plugin pinoutconfig (category:base,tabindex:0)
2024-08-16 14:27:06,970 [INFO] PluginManage:310 - Check plugin power
2024-08-16 14:27:06,974 [INFO] PluginManage:359 - Loaded plugin power (category:power,tabindex:4)
2024-08-16 14:27:06,974 [INFO] PluginManage:310 - Check plugin projectmanager
2024-08-16 14:27:06,987 [INFO] PluginManage:359 - Loaded plugin projectmanager (category:projectmanager,tabindex:3)
2024-08-16 14:27:06,987 [INFO] PluginManage:310 - Check plugin thirdparty
2024-08-16 14:27:07,046 [INFO] PluginManage:359 - Loaded plugin thirdparty (category:base,tabindex:-1)
2024-08-16 14:27:07,046 [INFO] PluginManage:310 - Check plugin tools
2024-08-16 14:27:07,046 [WARN] IntegrityCheckThread:84 - waiting for thirdparty lock release [integrity check]
2024-08-16 14:27:07,046 [INFO] IntegrityCheckThread:86 - entering critical section [integrity check]
2024-08-16 14:27:07,047 [INFO] ThirdPartyUpdaterWithRetryManager:70 - Updater plugin not ready yet. [1/15]
2024-08-16 14:27:07,047 [INFO] PluginManage:359 - Loaded plugin tools (category:base,tabindex:7)
2024-08-16 14:27:07,047 [INFO] PluginManage:310 - Check plugin tutovideos
2024-08-16 14:27:07,128 [INFO] PluginManage:359 - Loaded plugin tutovideos (category:base,tabindex:-1)
2024-08-16 14:27:07,128 [INFO] PluginManage:310 - Check plugin updater
2024-08-16 14:27:07,134 [INFO] PluginManage:359 - Loaded plugin updater (category:base,tabindex:12)
2024-08-16 14:27:07,134 [INFO] PluginManage:310 - Check plugin userauth
2024-08-16 14:27:07,137 [INFO] UserAuth:114 - Init User Auth plugin
2024-08-16 14:27:07,138 [INFO] PluginManage:359 - Loaded plugin userauth (category:base,tabindex:14)
2024-08-16 14:27:07,138 [INFO] PluginManage:283 - PluginManage : Loaded plugins [17]
2024-08-16 14:27:07,236 [INFO] PinOutPanel:1561 - setPackage(No Configuration,No Configuration)
2024-08-16 14:27:07,268 [INFO] CADModel:165 - CPN selected for project level
2024-08-16 14:27:07,268 [INFO] CADModel:114 - Register for checkConnection events
2024-08-16 14:27:07,273 [INFO] IPUIPlugin:80 - create IPUIPlugin
2024-08-16 14:27:07,273 [INFO] PluginManager:220 - loadIPPluginJar : add tim
2024-08-16 14:27:07,276 [INFO] IPUIPlugin:80 - create IPUIPlugin
2024-08-16 14:27:07,276 [INFO] PluginManager:220 - loadIPPluginJar : add can
2024-08-16 14:27:07,277 [INFO] IPUIPlugin:80 - create IPUIPlugin
2024-08-16 14:27:07,277 [INFO] PluginManager:220 - loadIPPluginJar : add fatfs
2024-08-16 14:27:07,278 [INFO] IPUIPlugin:80 - create IPUIPlugin
2024-08-16 14:27:07,278 [INFO] PluginManager:220 - loadIPPluginJar : add dma3
2024-08-16 14:27:07,281 [INFO] IPUIPlugin:80 - create IPUIPlugin
2024-08-16 14:27:07,281 [INFO] PluginManager:220 - loadIPPluginJar : add fmc
2024-08-16 14:27:07,283 [INFO] IPUIPlugin:80 - create IPUIPlugin
2024-08-16 14:27:07,283 [INFO] PluginManager:220 - loadIPPluginJar : add sai
2024-08-16 14:27:07,285 [INFO] IPUIPlugin:80 - create IPUIPlugin
2024-08-16 14:27:07,285 [INFO] PluginManager:220 - loadIPPluginJar : add gic
2024-08-16 14:27:07,287 [INFO] IPUIPlugin:80 - create IPUIPlugin
2024-08-16 14:27:07,287 [INFO] PluginManager:220 - loadIPPluginJar : add resmgrutility
2024-08-16 14:27:07,290 [INFO] IPUIPlugin:80 - create IPUIPlugin
2024-08-16 14:27:07,290 [INFO] PluginManager:220 - loadIPPluginJar : add adc
2024-08-16 14:27:07,291 [INFO] IPUIPlugin:80 - create IPUIPlugin
2024-08-16 14:27:07,291 [INFO] PluginManager:220 - loadIPPluginJar : add gtzc
2024-08-16 14:27:07,292 [INFO] IPUIPlugin:80 - create IPUIPlugin
2024-08-16 14:27:07,292 [INFO] PluginManager:220 - loadIPPluginJar : add i3c
2024-08-16 14:27:07,293 [INFO] IPUIPlugin:80 - create IPUIPlugin
2024-08-16 14:27:07,293 [INFO] PluginManager:220 - loadIPPluginJar : add genericplugin
2024-08-16 14:27:07,294 [INFO] IPUIPlugin:80 - create IPUIPlugin
2024-08-16 14:27:07,294 [INFO] PluginManager:220 - loadIPPluginJar : add opamp
2024-08-16 14:27:07,295 [INFO] IPUIPlugin:80 - create IPUIPlugin
2024-08-16 14:27:07,295 [INFO] PluginManager:220 - loadIPPluginJar : add i2c
2024-08-16 14:27:07,297 [INFO] IPUIPlugin:80 - create IPUIPlugin
2024-08-16 14:27:07,297 [INFO] PluginManager:220 - loadIPPluginJar : add ipddr
2024-08-16 14:27:07,300 [INFO] IPUIPlugin:80 - create IPUIPlugin
2024-08-16 14:27:07,300 [INFO] PluginManager:220 - loadIPPluginJar : add stm32_wpan
2024-08-16 14:27:07,303 [INFO] IPUIPlugin:80 - create IPUIPlugin
2024-08-16 14:27:07,303 [INFO] PluginManager:220 - loadIPPluginJar : add freertos
2024-08-16 14:27:07,305 [INFO] IPUIPlugin:80 - create IPUIPlugin
2024-08-16 14:27:07,305 [INFO] PluginManager:220 - loadIPPluginJar : add usbx
2024-08-16 14:27:07,309 [INFO] IPUIPlugin:80 - create IPUIPlugin
2024-08-16 14:27:07,309 [INFO] PluginManager:220 - loadIPPluginJar : add dma
2024-08-16 14:27:07,309 [INFO] IPUIPlugin:80 - create IPUIPlugin
2024-08-16 14:27:07,310 [INFO] PluginManager:220 - loadIPPluginJar : add comp
2024-08-16 14:27:07,311 [INFO] IPUIPlugin:80 - create IPUIPlugin
2024-08-16 14:27:07,311 [INFO] PluginManager:220 - loadIPPluginJar : add tracer_emb
2024-08-16 14:27:07,316 [INFO] IPUIPlugin:80 - create IPUIPlugin
2024-08-16 14:27:07,316 [INFO] PluginManager:220 - loadIPPluginJar : add linkedlist
2024-08-16 14:27:07,318 [INFO] IPUIPlugin:80 - create IPUIPlugin
2024-08-16 14:27:07,318 [INFO] PluginManager:220 - loadIPPluginJar : add touchsensing
2024-08-16 14:27:07,319 [INFO] IPUIPlugin:80 - create IPUIPlugin
2024-08-16 14:27:07,319 [INFO] PluginManager:220 - loadIPPluginJar : add pdm2pcm
2024-08-16 14:27:07,321 [INFO] IPUIPlugin:80 - create IPUIPlugin
2024-08-16 14:27:07,321 [INFO] PluginManager:220 - loadIPPluginJar : add usart
2024-08-16 14:27:07,322 [INFO] IPUIPlugin:80 - create IPUIPlugin
2024-08-16 14:27:07,322 [INFO] PluginManager:220 - loadIPPluginJar : add hash
2024-08-16 14:27:07,324 [INFO] IPUIPlugin:80 - create IPUIPlugin
2024-08-16 14:27:07,324 [INFO] PluginManager:220 - loadIPPluginJar : add cryp
2024-08-16 14:27:07,324 [INFO] IPUIPlugin:80 - create IPUIPlugin
2024-08-16 14:27:07,325 [INFO] PluginManager:220 - loadIPPluginJar : add quadspi
2024-08-16 14:27:07,325 [INFO] IPUIPlugin:80 - create IPUIPlugin
2024-08-16 14:27:07,325 [INFO] PluginManager:220 - loadIPPluginJar : add tsc
2024-08-16 14:27:07,326 [INFO] IPUIPlugin:80 - create IPUIPlugin
2024-08-16 14:27:07,326 [INFO] PluginManager:220 - loadIPPluginJar : add ltdc
2024-08-16 14:27:07,327 [INFO] IPUIPlugin:80 - create IPUIPlugin
2024-08-16 14:27:07,327 [INFO] PluginManager:220 - loadIPPluginJar : add aes
2024-08-16 14:27:07,331 [INFO] IPUIPlugin:80 - create IPUIPlugin
2024-08-16 14:27:07,332 [INFO] PluginManager:220 - loadIPPluginJar : add plateformsettings
2024-08-16 14:27:07,334 [INFO] IPUIPlugin:80 - create IPUIPlugin
2024-08-16 14:27:07,334 [INFO] PluginManager:220 - loadIPPluginJar : add openamp
2024-08-16 14:27:07,337 [INFO] IPUIPlugin:80 - create IPUIPlugin
2024-08-16 14:27:07,337 [INFO] PluginManager:220 - loadIPPluginJar : add gpio
2024-08-16 14:27:07,339 [INFO] IPUIPlugin:80 - create IPUIPlugin
2024-08-16 14:27:07,339 [INFO] PluginManager:220 - loadIPPluginJar : add dfsdm
2024-08-16 14:27:07,341 [INFO] IPUIPlugin:80 - create IPUIPlugin
2024-08-16 14:27:07,341 [INFO] PluginManager:220 - loadIPPluginJar : add nvic
2024-08-16 14:27:07,342 [INFO] IPUIPlugin:80 - create IPUIPlugin
2024-08-16 14:27:07,342 [INFO] PluginManager:220 - loadIPPluginJar : add lorawan
2024-08-16 14:27:07,344 [INFO] IPUIPlugin:80 - create IPUIPlugin
2024-08-16 14:27:07,344 [INFO] PluginManager:220 - loadIPPluginJar : add gfxmmu
2024-08-16 14:27:07,345 [INFO] IPUIPlugin:80 - create IPUIPlugin
2024-08-16 14:27:07,345 [INFO] PluginManager:220 - loadIPPluginJar : add ts
2024-08-16 14:27:07,349 [INFO] IPUIPlugin:80 - create IPUIPlugin
2024-08-16 14:27:07,349 [INFO] PluginManager:220 - loadIPPluginJar : add mdma
2024-08-16 14:27:07,351 [INFO] IPUIPlugin:80 - create IPUIPlugin
2024-08-16 14:27:07,351 [INFO] PluginManager:220 - loadIPPluginJar : add i2s
2024-08-16 14:27:07,353 [INFO] IPUIPlugin:80 - create IPUIPlugin
2024-08-16 14:27:07,353 [INFO] PluginManager:220 - loadIPPluginJar : add extmemmanager
2024-08-16 14:27:07,354 [INFO] IPUIPlugin:80 - create IPUIPlugin
2024-08-16 14:27:07,354 [INFO] PluginManager:220 - loadIPPluginJar : add ucpd
2024-08-16 14:27:07,356 [INFO] IPUIPlugin:80 - create IPUIPlugin
2024-08-16 14:27:07,356 [INFO] PluginManager:220 - loadIPPluginJar : add spi
2024-08-16 14:27:07,447 [INFO] CADModel:165 - CPN selected for project level
2024-08-16 14:27:07,448 [INFO] CADModel:114 - Register for checkConnection events
2024-08-16 14:27:07,448 [FATAL] Updater:308 - Updater called before beeing initialized
2024-08-16 14:27:07,448 [ERROR] CADModel:125 - Updater not yet initialized, retry later 
2024-08-16 14:27:07,518 [INFO] CADModel:165 - CPN selected for project level
2024-08-16 14:27:07,519 [INFO] CADModel:114 - Register for checkConnection events
2024-08-16 14:27:07,519 [FATAL] Updater:308 - Updater called before beeing initialized
2024-08-16 14:27:07,519 [ERROR] CADModel:125 - Updater not yet initialized, retry later 
2024-08-16 14:27:07,521 [FATAL] Updater:308 - Updater called before beeing initialized
2024-08-16 14:27:07,571 [FATAL] Updater:308 - Updater called before beeing initialized
2024-08-16 14:27:07,574 [INFO] DbMcusAds:53 - JSON generation date=Thu May 16 14:52:00 IST 2024 (1715851320667)
2024-08-16 14:27:07,574 [FATAL] Updater:308 - Updater called before beeing initialized
2024-08-16 14:27:07,595 [WARN] DetailPanel:346 - Failed to get advertising image, set to default
2024-08-16 14:27:07,647 [FATAL] Updater:308 - Updater called before beeing initialized
2024-08-16 14:27:07,648 [FATAL] Updater:308 - Updater called before beeing initialized
2024-08-16 14:27:07,648 [FATAL] Updater:308 - Updater called before beeing initialized
2024-08-16 14:27:07,648 [WARN] DetailPanel:346 - Failed to get advertising image, set to default
2024-08-16 14:27:07,649 [FATAL] Updater:308 - Updater called before beeing initialized
2024-08-16 14:27:07,668 [ERROR] Updater:1120 - MainUpdater not yet initialized. External WinMGr cannot be set.
2024-08-16 14:27:07,669 [INFO] Updater:1056 - Updater Version found : 6.11.0
2024-08-16 14:27:07,682 [INFO] ApplicationProperties:184 - Using Application install path: /home/pratham/st/stm32cubeide_1.15.0/plugins/com.st.stm32cube.common.mx_6.11.0.202403141607
2024-08-16 14:27:07,927 [INFO] MainUpdater:2873 - connection check result : 10
2024-08-16 14:27:07,928 [INFO] MainUpdater:290 - Updater Check For Update Now.
2024-08-16 14:27:07,928 [INFO] MicroXplorer:498 - Change Database Version : DB.6.0.110
2024-08-16 14:27:07,931 [INFO] McuFinderGlobals:63 - Set McuFinder mode to 2 (CubeIDE integrated)
2024-08-16 14:27:07,937 [INFO] UserAuth:415 - Internet connection configuration mode: 1
2024-08-16 14:27:07,948 [INFO] JxBrowserEngine:152 - Initiate JxBrowser Engine with user profile folder
2024-08-16 14:27:08,118 [INFO] CheckServerUpdateThread:120 - End of CheckServer Thread
2024-08-16 14:27:08,351 [INFO] WebApp:161 - Instantiating new browser for Auth
2024-08-16 14:27:08,660 [INFO] WebApp:779 - Register for checkConnection events
2024-08-16 14:27:08,661 [INFO] WebApp:414 - Apply proxy settings
2024-08-16 14:27:08,661 [INFO] WebApp:499 - Chromium requires no authentication
2024-08-16 14:27:08,665 [INFO] WebApp:442 - Direct internet connection detected
2024-08-16 14:27:08,741 [INFO] WebApp:192 - Starting web application
2024-08-16 14:27:08,741 [INFO] WebApp:544 - Web application path used /home/pratham/st/stm32cubeide_1.15.0/plugins/com.st.stm32cube.common.mx_6.11.0.202403141607/db/plugins/mcufinder/reactClient1/index.html
2024-08-16 14:27:10,114 [WARN] PackLoader:240 - Cannot read IP mode file for STMicroelectronics.FP-SNS-MOTENVWB1.1.4.0
2024-08-16 14:27:10,121 [WARN] PackLoader:240 - Cannot read IP mode file for STMicroelectronics.X-CUBE-SMBUS.2.1.0
2024-08-16 14:27:10,124 [WARN] PackLoader:240 - Cannot read IP mode file for STMicroelectronics.X-CUBE-TOUCHGFX.4.23.1
2024-08-16 14:27:10,126 [WARN] PackLoader:240 - Cannot read IP mode file for STMicroelectronics.X-CUBE-TOUCHGFX.4.23.0
2024-08-16 14:27:10,128 [WARN] PackLoader:240 - Cannot read IP mode file for STMicroelectronics.X-CUBE-TOUCHGFX.4.23.2
2024-08-16 14:27:10,146 [WARN] PackLoader:240 - Cannot read IP mode file for STMicroelectronics.X-CUBE-AZRTOS-F7.1.1.0
2024-08-16 14:27:10,157 [WARN] PackLoader:240 - Cannot read IP mode file for STMicroelectronics.FP-SNS-MOTENV1.4.3.2
2024-08-16 14:27:10,162 [WARN] PackLoader:240 - Cannot read IP mode file for STMicroelectronics.FP-SNS-FLIGHT1.5.0.2
2024-08-16 14:27:10,168 [WARN] PackLoader:240 - Cannot read IP mode file for STMicroelectronics.X-CUBE-DISPLAY.3.0.0
2024-08-16 14:27:10,189 [WARN] PackLoader:240 - Cannot read IP mode file for STMicroelectronics.X-CUBE-BLE1.7.0.0
2024-08-16 14:27:10,196 [WARN] PackLoader:240 - Cannot read IP mode file for emotas.I-CUBE-CANOPEN.1.3.0
2024-08-16 14:27:10,218 [WARN] PackLoader:240 - Cannot read IP mode file for STMicroelectronics.X-CUBE-BLEMGR.3.1.0
2024-08-16 14:27:10,226 [WARN] PackLoader:240 - Cannot read IP mode file for STMicroelectronics.FP-SNS-SMARTAG2.1.2.0
2024-08-16 14:27:10,233 [INFO] LogOutputStream:77 - [STDOUT_REDIRECT] 1 : Invalid condition id : UX_CORESTACK_Condition cause : null
2024-08-16 14:27:10,234 [INFO] LogOutputStream:77 - [STDOUT_REDIRECT] 1 : Invalid condition id : UX_CORESTACK_Condition cause : null
2024-08-16 14:27:10,234 [INFO] LogOutputStream:77 - [STDOUT_REDIRECT] 1 : Invalid condition id : UX_CORESTACK_Condition cause : null
2024-08-16 14:27:10,234 [INFO] LogOutputStream:77 - [STDOUT_REDIRECT] 1 : Invalid condition id : UX_CORESTACK_Condition cause : null
2024-08-16 14:27:10,234 [INFO] LogOutputStream:77 - [STDOUT_REDIRECT] 1 : Invalid condition id : UX_CORESTACK_Condition cause : null
2024-08-16 14:27:10,236 [WARN] PackLoader:240 - Cannot read IP mode file for STMicroelectronics.X-CUBE-AZRTOS-WL.2.0.0
2024-08-16 14:27:10,240 [WARN] PackLoader:240 - Cannot read IP mode file for STMicroelectronics.FP-SNS-MOTENV1.5.0.0
2024-08-16 14:27:10,244 [WARN] PackLoader:240 - Cannot read IP mode file for wolfSSL.I-CUBE-wolfMQTT.1.19.0
2024-08-16 14:27:10,252 [WARN] PackLoader:240 - Cannot read IP mode file for WES.I-CUBE-Cesium.1.3.0
2024-08-16 14:27:10,256 [WARN] PackLoader:240 - Cannot read IP mode file for STMicroelectronics.X-CUBE-BLE2.3.3.0
2024-08-16 14:27:10,261 [WARN] PackLoader:240 - Cannot read IP mode file for STMicroelectronics.X-CUBE-TCPP.4.1.0
2024-08-16 14:27:10,268 [WARN] PackLoader:240 - Cannot read IP mode file for STMicroelectronics.X-CUBE-ALGOBUILD.1.3.0
2024-08-16 14:27:10,280 [WARN] PackLoader:240 - Cannot read IP mode file for STMicroelectronics.X-CUBE-AZRTOS-G0.1.1.0
2024-08-16 14:27:10,287 [WARN] PackLoader:240 - Cannot read IP mode file for STMicroelectronics.X-CUBE-SAFEA1.1.2.2
2024-08-16 14:27:10,292 [WARN] PackLoader:240 - Cannot read IP mode file for STMicroelectronics.X-CUBE-NFC4.3.0.0
2024-08-16 14:27:10,296 [WARN] PackLoader:240 - Cannot read IP mode file for wolfSSL.I-CUBE-wolfMQTT.1.18.0
2024-08-16 14:27:10,305 [WARN] PackLoader:240 - Cannot read IP mode file for EmbeddedOffice.I-CUBE-FS-RTOS.1.0.1
2024-08-16 14:27:10,305 [ERROR] ConditionMgr:805 - Attr not supported : Dmpu
2024-08-16 14:27:10,305 [ERROR] ConditionMgr:805 - Attr not supported : Dmpu
2024-08-16 14:27:10,305 [ERROR] ConditionMgr:805 - Attr not supported : Dmpu
2024-08-16 14:27:10,305 [ERROR] ConditionMgr:805 - Attr not supported : Dmpu
2024-08-16 14:27:10,305 [ERROR] ConditionMgr:805 - Attr not supported : Dmpu
2024-08-16 14:27:10,306 [ERROR] ConditionMgr:805 - Attr not supported : Dmpu
2024-08-16 14:27:10,306 [ERROR] ConditionMgr:805 - Attr not supported : Dmpu
2024-08-16 14:27:10,306 [ERROR] ConditionMgr:805 - Attr not supported : Dmpu
2024-08-16 14:27:10,306 [ERROR] ConditionMgr:805 - Attr not supported : Dmpu
2024-08-16 14:27:10,306 [ERROR] ConditionMgr:805 - Attr not supported : Dmpu
2024-08-16 14:27:10,306 [ERROR] ConditionMgr:805 - Attr not supported : Dmpu
2024-08-16 14:27:10,306 [ERROR] ConditionMgr:805 - Attr not supported : Dmpu
2024-08-16 14:27:10,307 [ERROR] ConditionMgr:805 - Attr not supported : Dmpu
2024-08-16 14:27:10,307 [ERROR] ConditionMgr:805 - Attr not supported : Dmpu
2024-08-16 14:27:10,307 [ERROR] ConditionMgr:805 - Attr not supported : Dmpu
2024-08-16 14:27:10,307 [ERROR] ConditionMgr:805 - Attr not supported : Dmpu
2024-08-16 14:27:10,307 [ERROR] ConditionMgr:805 - Attr not supported : Dmpu
2024-08-16 14:27:10,307 [ERROR] ConditionMgr:805 - Attr not supported : Dmpu
2024-08-16 14:27:10,307 [ERROR] ConditionMgr:805 - Attr not supported : Dmpu
2024-08-16 14:27:10,307 [ERROR] ConditionMgr:805 - Attr not supported : Dmpu
2024-08-16 14:27:10,308 [ERROR] ConditionMgr:805 - Attr not supported : Dmpu
2024-08-16 14:27:10,308 [ERROR] ConditionMgr:805 - Attr not supported : Dmpu
2024-08-16 14:27:10,308 [ERROR] ConditionMgr:805 - Attr not supported : Dmpu
2024-08-16 14:27:10,308 [ERROR] ConditionMgr:805 - Attr not supported : Dmpu
2024-08-16 14:27:10,308 [ERROR] ConditionMgr:805 - Attr not supported : Dmpu
2024-08-16 14:27:10,308 [ERROR] ConditionMgr:805 - Attr not supported : Dmpu
2024-08-16 14:27:10,308 [ERROR] ConditionMgr:805 - Attr not supported : Dmpu
2024-08-16 14:27:10,309 [ERROR] ConditionMgr:805 - Attr not supported : Dmpu
2024-08-16 14:27:10,309 [ERROR] ConditionMgr:805 - Attr not supported : Dmpu
2024-08-16 14:27:10,309 [ERROR] ConditionMgr:805 - Attr not supported : Dmpu
2024-08-16 14:27:10,309 [ERROR] ConditionMgr:805 - Attr not supported : Dmpu
2024-08-16 14:27:10,309 [ERROR] ConditionMgr:805 - Attr not supported : Dmpu
2024-08-16 14:27:10,309 [ERROR] ConditionMgr:805 - Attr not supported : Dmpu
2024-08-16 14:27:10,309 [ERROR] ConditionMgr:805 - Attr not supported : Dmpu
2024-08-16 14:27:10,309 [ERROR] ConditionMgr:805 - Attr not supported : Dmpu
2024-08-16 14:27:10,310 [ERROR] ConditionMgr:805 - Attr not supported : Dmpu
2024-08-16 14:27:10,310 [ERROR] ConditionMgr:805 - Attr not supported : Dmpu
2024-08-16 14:27:10,310 [ERROR] ConditionMgr:805 - Attr not supported : Dmpu
2024-08-16 14:27:10,310 [ERROR] ConditionMgr:805 - Attr not supported : Dmpu
2024-08-16 14:27:10,310 [ERROR] ConditionMgr:805 - Attr not supported : Dmpu
2024-08-16 14:27:10,310 [ERROR] ConditionMgr:805 - Attr not supported : Dmpu
2024-08-16 14:27:10,311 [ERROR] ConditionMgr:805 - Attr not supported : Dmpu
2024-08-16 14:27:10,311 [ERROR] ConditionMgr:805 - Attr not supported : Dmpu
2024-08-16 14:27:10,311 [ERROR] ConditionMgr:805 - Attr not supported : Dmpu
2024-08-16 14:27:10,311 [ERROR] ConditionMgr:805 - Attr not supported : Dmpu
2024-08-16 14:27:10,311 [ERROR] ConditionMgr:805 - Attr not supported : Dmpu
2024-08-16 14:27:10,311 [ERROR] ConditionMgr:805 - Attr not supported : Dmpu
2024-08-16 14:27:10,311 [ERROR] ConditionMgr:805 - Attr not supported : Dmpu
2024-08-16 14:27:10,311 [ERROR] ConditionMgr:805 - Attr not supported : Dmpu
2024-08-16 14:27:10,311 [ERROR] ConditionMgr:805 - Attr not supported : Dmpu
2024-08-16 14:27:10,311 [ERROR] ConditionMgr:805 - Attr not supported : Dmpu
2024-08-16 14:27:10,312 [ERROR] ConditionMgr:805 - Attr not supported : Dmpu
2024-08-16 14:27:10,312 [ERROR] ConditionMgr:805 - Attr not supported : Dmpu
2024-08-16 14:27:10,312 [ERROR] ConditionMgr:805 - Attr not supported : Dmpu
2024-08-16 14:27:10,312 [ERROR] ConditionMgr:805 - Attr not supported : Dmpu
2024-08-16 14:27:10,312 [ERROR] ConditionMgr:805 - Attr not supported : Dmpu
2024-08-16 14:27:10,312 [ERROR] ConditionMgr:805 - Attr not supported : Dmpu
2024-08-16 14:27:10,312 [ERROR] ConditionMgr:805 - Attr not supported : Dmpu
2024-08-16 14:27:10,312 [ERROR] ConditionMgr:805 - Attr not supported : Dmpu
2024-08-16 14:27:10,312 [ERROR] ConditionMgr:805 - Attr not supported : Dmpu
2024-08-16 14:27:10,312 [ERROR] ConditionMgr:805 - Attr not supported : Dmpu
2024-08-16 14:27:10,312 [ERROR] ConditionMgr:805 - Attr not supported : Dmpu
2024-08-16 14:27:10,313 [ERROR] ConditionMgr:805 - Attr not supported : Dmpu
2024-08-16 14:27:10,313 [ERROR] ConditionMgr:805 - Attr not supported : Dmpu
2024-08-16 14:27:10,318 [WARN] PackLoader:240 - Cannot read IP mode file for RealThread.X-CUBE-RT-Thread_Nano.4.1.1
2024-08-16 14:27:10,322 [WARN] PackLoader:240 - Cannot read IP mode file for STMicroelectronics.FP-ATR-SIGFOX1.3.2.0
2024-08-16 14:27:10,327 [WARN] PackLoader:240 - Cannot read IP mode file for STMicroelectronics.X-CUBE-EEPRMA1.5.1.0
2024-08-16 14:27:10,332 [WARN] PackLoader:240 - Cannot read IP mode file for ITTIA_DB.I-CUBE-ITTIADB.8.9.0
2024-08-16 14:27:10,356 [WARN] PackLoader:240 - Cannot read IP mode file for SEGGER.I-CUBE-embOS.1.3.1
2024-08-16 14:27:10,384 [WARN] PackLoader:240 - Cannot read IP mode file for STMicroelectronics.X-CUBE-ALGOBUILD.1.4.0
2024-08-16 14:27:10,387 [WARN] PackLoader:240 - Cannot read IP mode file for STMicroelectronics.X-CUBE-GNSS1.6.0.0
2024-08-16 14:27:10,395 [WARN] PackLoader:240 - Cannot read IP mode file for STMicroelectronics.X-CUBE-AZRTOS-F4.1.1.0
2024-08-16 14:27:10,399 [WARN] PackLoader:240 - Cannot read IP mode file for STMicroelectronics.X-CUBE-FREERTOS.1.2.0
2024-08-16 14:27:10,401 [WARN] PackLoader:240 - Cannot read IP mode file for wolfSSL.I-CUBE-wolfSSL.5.6.6
2024-08-16 14:27:10,409 [WARN] PackLoader:240 - Cannot read IP mode file for STMicroelectronics.X-CUBE-AZRTOS-L5.2.0.0
2024-08-16 14:27:10,414 [WARN] PackLoader:240 - Cannot read IP mode file for STMicroelectronics.X-CUBE-NFC6.3.1.0
2024-08-16 14:27:10,417 [WARN] PackLoader:240 - Cannot read IP mode file for STMicroelectronics.X-CUBE-DPower.1.2.0
2024-08-16 14:27:10,419 [WARN] PackLoader:240 - Cannot read IP mode file for STMicroelectronics.X-CUBE-AI.9.0.0
2024-08-16 14:27:10,422 [WARN] PackLoader:240 - Cannot read IP mode file for STMicroelectronics.X-CUBE-NFC7.1.0.1
2024-08-16 14:27:10,425 [WARN] PackLoader:240 - Cannot read IP mode file for wolfSSL.I-CUBE-wolfTPM.3.2.0
2024-08-16 14:27:10,426 [WARN] PackLoader:240 - Cannot read IP mode file for STMicroelectronics.X-CUBE-AI.8.1.0
2024-08-16 14:27:10,434 [WARN] ConditionMgr:438 - getConditionDescription Invalid condition id : LAN8742 Phy interface Condition cause : null
2024-08-16 14:27:10,435 [WARN] PackLoader:240 - Cannot read IP mode file for STMicroelectronics.X-CUBE-AZRTOS-L4.2.0.0
2024-08-16 14:27:10,436 [WARN] ConditionMgr:1039 - genDependencies : Invalid condition id : LAN8742 Phy interface Condition cause : null
2024-08-16 14:27:10,436 [WARN] ConditionMgr:1039 - genDependencies : Invalid condition id : LAN8742 Phy interface Condition cause : null
2024-08-16 14:27:10,436 [WARN] ConditionMgr:1039 - genDependencies : Invalid condition id : LAN8742 Phy interface Condition cause : null
2024-08-16 14:27:10,440 [WARN] PackLoader:240 - Cannot read IP mode file for STMicroelectronics.X-CUBE-SFXS2LP1.4.0.0
2024-08-16 14:27:10,450 [WARN] PackLoader:240 - Cannot read IP mode file for STMicroelectronics.X-CUBE-AZRTOS-H7.3.3.0
2024-08-16 14:27:10,457 [WARN] ConditionMgr:438 - getConditionDescription Invalid condition id : UX DEVICE CLASS RTOS Condition cause : null
2024-08-16 14:27:10,457 [WARN] ConditionMgr:438 - getConditionDescription Invalid condition id : UX DEVICE CLASS RTOS Condition cause : null
2024-08-16 14:27:10,458 [WARN] PackLoader:240 - Cannot read IP mode file for STMicroelectronics.X-CUBE-AZRTOS-WB.2.0.0
2024-08-16 14:27:10,459 [WARN] ConditionMgr:1039 - genDependencies : Invalid condition id : UX DEVICE CLASS RTOS Condition cause : null
2024-08-16 14:27:10,459 [WARN] ConditionMgr:1039 - genDependencies : Invalid condition id : UX DEVICE CLASS RTOS Condition cause : null
2024-08-16 14:27:10,459 [WARN] ConditionMgr:1039 - genDependencies : Invalid condition id : UX DEVICE CLASS RTOS Condition cause : null
2024-08-16 14:27:10,459 [WARN] ConditionMgr:1039 - genDependencies : Invalid condition id : UX DEVICE CLASS RTOS Condition cause : null
2024-08-16 14:27:10,459 [WARN] ConditionMgr:1039 - genDependencies : Invalid condition id : UX DEVICE CLASS RTOS Condition cause : null
2024-08-16 14:27:10,463 [WARN] PackLoader:240 - Cannot read IP mode file for STMicroelectronics.FP-SNS-STBOX1.2.0.0
2024-08-16 14:27:10,468 [WARN] PackLoader:240 - Cannot read IP mode file for STMicroelectronics.X-CUBE-SUBG2.5.0.0
2024-08-16 14:27:10,477 [WARN] PackLoader:240 - Cannot read IP mode file for STMicroelectronics.X-CUBE-AZRTOS-G4.2.0.0
2024-08-16 14:27:10,483 [WARN] PackLoader:240 - Cannot read IP mode file for Infineon.AIROC-Wi-Fi-Bluetooth-STM32.1.5.1
2024-08-16 14:27:10,486 [WARN] PackLoader:240 - Cannot read IP mode file for STMicroelectronics.FP-SNS-MOTENVWB1.1.3.1
2024-08-16 14:27:10,489 [WARN] PackLoader:240 - Cannot read IP mode file for STMicroelectronics.X-CUBE-ISPU.2.0.0
2024-08-16 14:27:10,492 [WARN] PackLoader:240 - Cannot read IP mode file for STMicroelectronics.X-CUBE-ALS.1.0.2
2024-08-16 14:27:10,516 [WARN] PackLoader:240 - Cannot read IP mode file for STMicroelectronics.X-CUBE-MEMS1.10.0.0
2024-08-16 14:27:10,567 [WARN] PackLoader:240 - Cannot read IP mode file for STMicroelectronics.X-CUBE-FREERTOS.1.1.0
2024-08-16 14:27:10,569 [WARN] PackLoader:240 - Cannot read IP mode file for STMicroelectronics.X-CUBE-TOUCHGFX.4.24.0
2024-08-16 14:27:10,572 [WARN] PackLoader:240 - Cannot read IP mode file for portGmbH.I-Cube-SoM-uGOAL.1.1.0
2024-08-16 14:27:10,574 [WARN] PackLoader:240 - Cannot read IP mode file for STMicroelectronics.X-CUBE-ALS.1.0.1
2024-08-16 14:27:10,582 [WARN] PackLoader:240 - Cannot read IP mode file for STMicroelectronics.X-CUBE-AZRTOS-H7RS.1.0.0
2024-08-16 14:27:10,585 [WARN] PackLoader:240 - Cannot read IP mode file for STMicroelectronics.FP-ATR-ASTRA1.2.0.0
2024-08-16 14:27:10,590 [WARN] PackLoader:240 - Cannot read IP mode file for STMicroelectronics.X-CUBE-TOF1.3.4.2
2024-08-16 14:27:10,603 [WARN] PackLoader:240 - Cannot read IP mode file for STMicroelectronics.X-CUBE-TOF1.3.4.1
2024-08-16 14:27:10,615 [WARN] PackLoader:240 - Cannot read IP mode file for STMicroelectronics.X-CUBE-AZRTOS-H7.3.2.0
2024-08-16 14:27:10,619 [WARN] PackLoader:240 - Cannot read IP mode file for wolfSSL.I-CUBE-wolfSSH.1.4.17
2024-08-16 14:27:10,620 [INFO] ThirdParty:978 - Integrity check success = true
2024-08-16 14:27:10,620 [INFO] IntegrityCheckThread:100 - exiting critical section [integrity check]
2024-08-16 14:27:10,620 [INFO] IntegrityCheckThread:103 - End integrity checks thread
2024-08-16 14:29:45,138 [ERROR] LogOutputStream:75 - [STDERR_REDIRECT] 
